# Logfile created on 2016-03-24 12:00:13 +0100 by logger.rb/44203
D, [2016-03-24T12:01:05.051963 #11678] DEBUG -- :   [1m[36mUser Load (0.2ms)[0m  [1mSELECT  "users".* FROM "users" WHERE "users"."uid" = ? LIMIT 1[0m  [["uid", 144293747]]
D, [2016-03-24T12:01:05.055160 #11678] DEBUG -- :   [1m[35m (0.1ms)[0m  begin transaction
D, [2016-03-24T12:01:05.057656 #11678] DEBUG -- :   [1m[36mSQL (0.5ms)[0m  [1mINSERT INTO "users" ("uid") VALUES (?)[0m  [["uid", 144293747]]
D, [2016-03-24T12:01:05.058524 #11678] DEBUG -- :   [1m[35m (0.6ms)[0m  commit transaction
D, [2016-03-24T12:13:02.774184 #11954] DEBUG -- :   [1m[36mUser Load (0.2ms)[0m  [1mSELECT  "users".* FROM "users" WHERE "users"."uid" = ? LIMIT 1[0m  [["uid", 144293747]]
D, [2016-03-24T13:35:24.123896 #12544] DEBUG -- :   [1m[36mUser Load (0.2ms)[0m  [1mSELECT  "users".* FROM "users" WHERE "users"."uid" = ? LIMIT 1[0m  [["uid", 144293747]]
D, [2016-03-24T13:35:33.399569 #12544] DEBUG -- :   [1m[35mUser Load (0.2ms)[0m  SELECT  "users".* FROM "users" WHERE "users"."uid" = ? LIMIT 1  [["uid", 144293747]]
D, [2016-03-24T13:37:03.294570 #12591] DEBUG -- :   [1m[36mUser Load (0.2ms)[0m  [1mSELECT  "users".* FROM "users" WHERE "users"."uid" = ? LIMIT 1[0m  [["uid", 144293747]]
D, [2016-03-24T13:37:28.625997 #12612] DEBUG -- :   [1m[36mUser Load (0.2ms)[0m  [1mSELECT  "users".* FROM "users" WHERE "users"."uid" = ? LIMIT 1[0m  [["uid", 144293747]]
D, [2016-03-24T13:37:55.704980 #12658] DEBUG -- :   [1m[36mUser Load (0.1ms)[0m  [1mSELECT  "users".* FROM "users" WHERE "users"."uid" = ? LIMIT 1[0m  [["uid", 144293747]]
D, [2016-03-24T13:38:08.779057 #12680] DEBUG -- :   [1m[36mUser Load (0.2ms)[0m  [1mSELECT  "users".* FROM "users" WHERE "users"."uid" = ? LIMIT 1[0m  [["uid", 144293747]]
D, [2016-03-24T13:38:28.085452 #12701] DEBUG -- :   [1m[36mUser Load (0.2ms)[0m  [1mSELECT  "users".* FROM "users" WHERE "users"."uid" = ? LIMIT 1[0m  [["uid", 144293747]]
D, [2016-03-24T13:38:28.146108 #12701] DEBUG -- :   [1m[35mUser Load (0.4ms)[0m  SELECT  "users".* FROM "users" WHERE "users"."uid" = ? LIMIT 1  [["uid", 144293747]]
D, [2016-03-24T13:40:23.204417 #12701] DEBUG -- :   [1m[36mUser Load (0.1ms)[0m  [1mSELECT  "users".* FROM "users" WHERE "users"."uid" = ? LIMIT 1[0m  [["uid", 144293747]]
D, [2016-03-24T13:40:55.909803 #12722] DEBUG -- :   [1m[36mUser Load (0.2ms)[0m  [1mSELECT  "users".* FROM "users" WHERE "users"."uid" = ? LIMIT 1[0m  [["uid", 144293747]]
D, [2016-03-24T13:41:04.480014 #12722] DEBUG -- :   [1m[35mUser Load (0.1ms)[0m  SELECT  "users".* FROM "users" WHERE "users"."uid" = ? LIMIT 1  [["uid", 144293747]]
D, [2016-03-24T13:43:42.575063 #12783] DEBUG -- :   [1m[36mUser Load (0.2ms)[0m  [1mSELECT  "users".* FROM "users" WHERE "users"."uid" = ? LIMIT 1[0m  [["uid", 144293747]]
D, [2016-03-24T13:44:21.158726 #12813] DEBUG -- :   [1m[36mUser Load (0.2ms)[0m  [1mSELECT  "users".* FROM "users" WHERE "users"."uid" = ? LIMIT 1[0m  [["uid", 144293747]]
D, [2016-03-24T13:57:06.351645 #12959] DEBUG -- :   [1m[36mUser Load (0.2ms)[0m  [1mSELECT  "users".* FROM "users" WHERE "users"."uid" = ? LIMIT 1[0m  [["uid", 144293747]]
D, [2016-03-24T13:57:06.355720 #12959] DEBUG -- :   [1m[35m (0.1ms)[0m  begin transaction
D, [2016-03-24T13:57:06.358687 #12959] DEBUG -- :   [1m[36mSQL (0.4ms)[0m  [1mUPDATE "users" SET "chat_id" = ? WHERE "users"."id" = ?[0m  [["chat_id", 144293747], ["id", 1]]
D, [2016-03-24T13:57:06.359652 #12959] DEBUG -- :   [1m[35m (0.8ms)[0m  commit transaction
D, [2016-03-24T13:57:06.359835 #12959] DEBUG -- :   [1m[36m (0.0ms)[0m  [1mbegin transaction[0m
D, [2016-03-24T13:57:06.360088 #12959] DEBUG -- :   [1m[35m (0.0ms)[0m  commit transaction
D, [2016-03-24T13:57:06.360923 #12959] DEBUG -- :   [1m[36mUser Load (0.1ms)[0m  [1mSELECT  "users".* FROM "users"  ORDER BY "users"."id" ASC LIMIT 1[0m
D, [2016-03-24T13:57:21.472332 #12959] DEBUG -- :   [1m[35mUser Load (0.2ms)[0m  SELECT  "users".* FROM "users" WHERE "users"."uid" = ? LIMIT 1  [["uid", 144293747]]
D, [2016-03-24T13:57:21.473347 #12959] DEBUG -- :   [1m[36mUser Load (0.2ms)[0m  [1mSELECT  "users".* FROM "users"  ORDER BY "users"."id" ASC LIMIT 1[0m
D, [2016-03-24T13:59:17.216088 #12959] DEBUG -- :   [1m[35mUser Load (0.1ms)[0m  SELECT  "users".* FROM "users" WHERE "users"."uid" = ? LIMIT 1  [["uid", 144293747]]
D, [2016-03-24T13:59:17.216557 #12959] DEBUG -- :   [1m[36mUser Load (0.1ms)[0m  [1mSELECT  "users".* FROM "users"  ORDER BY "users"."id" ASC LIMIT 1[0m
D, [2016-03-24T13:59:28.847220 #12959] DEBUG -- :   [1m[35mUser Load (0.1ms)[0m  SELECT  "users".* FROM "users" WHERE "users"."uid" = ? LIMIT 1  [["uid", 144293747]]
D, [2016-03-24T13:59:28.847689 #12959] DEBUG -- :   [1m[36mUser Load (0.1ms)[0m  [1mSELECT  "users".* FROM "users"  ORDER BY "users"."id" ASC LIMIT 1[0m
D, [2016-03-24T14:00:02.212166 #12959] DEBUG -- :   [1m[35mUser Load (0.2ms)[0m  SELECT  "users".* FROM "users" WHERE "users"."uid" = ? LIMIT 1  [["uid", 26837003]]
D, [2016-03-24T14:00:02.212922 #12959] DEBUG -- :   [1m[36m (0.1ms)[0m  [1mbegin transaction[0m
D, [2016-03-24T14:00:02.214193 #12959] DEBUG -- :   [1m[35mSQL (0.5ms)[0m  INSERT INTO "users" ("uid") VALUES (?)  [["uid", 26837003]]
D, [2016-03-24T14:00:02.216890 #12959] DEBUG -- :   [1m[36m (2.3ms)[0m  [1mcommit transaction[0m
D, [2016-03-24T14:00:02.217184 #12959] DEBUG -- :   [1m[35m (0.1ms)[0m  begin transaction
D, [2016-03-24T14:00:02.218316 #12959] DEBUG -- :   [1m[36mSQL (0.3ms)[0m  [1mUPDATE "users" SET "chat_id" = ? WHERE "users"."id" = ?[0m  [["chat_id", 26837003], ["id", 2]]
D, [2016-03-24T14:00:02.219218 #12959] DEBUG -- :   [1m[35m (0.7ms)[0m  commit transaction
D, [2016-03-24T14:00:02.219444 #12959] DEBUG -- :   [1m[36m (0.1ms)[0m  [1mbegin transaction[0m
D, [2016-03-24T14:00:02.219798 #12959] DEBUG -- :   [1m[35m (0.1ms)[0m  commit transaction
D, [2016-03-24T14:00:02.220362 #12959] DEBUG -- :   [1m[36mUser Load (0.2ms)[0m  [1mSELECT  "users".* FROM "users"  ORDER BY "users"."id" ASC LIMIT 1[0m
D, [2016-03-24T14:00:17.404148 #12959] DEBUG -- :   [1m[35mUser Load (0.2ms)[0m  SELECT  "users".* FROM "users" WHERE "users"."uid" = ? LIMIT 1  [["uid", 26837003]]
D, [2016-03-24T14:00:17.404968 #12959] DEBUG -- :   [1m[36mUser Load (0.2ms)[0m  [1mSELECT  "users".* FROM "users"  ORDER BY "users"."id" ASC LIMIT 1[0m
D, [2016-03-24T14:02:53.746537 #13048] DEBUG -- :   [1m[36mUser Load (0.2ms)[0m  [1mSELECT  "users".* FROM "users" WHERE "users"."uid" = ? LIMIT 1[0m  [["uid", 26837003]]
D, [2016-03-24T14:02:53.751161 #13048] DEBUG -- :   [1m[35mUser Load (0.1ms)[0m  SELECT  "users".* FROM "users"  ORDER BY "users"."id" ASC LIMIT 1
D, [2016-03-24T14:03:45.978587 #13095] DEBUG -- :   [1m[36mUser Load (0.2ms)[0m  [1mSELECT  "users".* FROM "users" WHERE "users"."uid" = ? LIMIT 1[0m  [["uid", 26837003]]
D, [2016-03-24T14:03:45.983216 #13095] DEBUG -- :   [1m[35mUser Load (0.1ms)[0m  SELECT  "users".* FROM "users"  ORDER BY "users"."id" ASC LIMIT 1
D, [2016-03-24T14:05:47.801576 #13124] DEBUG -- :   [1m[36mUser Load (0.2ms)[0m  [1mSELECT  "users".* FROM "users" WHERE "users"."uid" = ? LIMIT 1[0m  [["uid", 26837003]]
D, [2016-03-24T14:05:47.806052 #13124] DEBUG -- :   [1m[35mUser Load (0.1ms)[0m  SELECT  "users".* FROM "users"  ORDER BY "users"."id" ASC LIMIT 1
D, [2016-03-24T14:07:51.056249 #13124] DEBUG -- :   [1m[36mUser Load (0.2ms)[0m  [1mSELECT  "users".* FROM "users" WHERE "users"."uid" = ? LIMIT 1[0m  [["uid", 144293747]]
D, [2016-03-24T14:07:51.057532 #13124] DEBUG -- :   [1m[35mUser Load (0.3ms)[0m  SELECT  "users".* FROM "users"  ORDER BY "users"."id" ASC LIMIT 1
D, [2016-03-24T14:08:05.081908 #13124] DEBUG -- :   [1m[36mUser Load (0.1ms)[0m  [1mSELECT  "users".* FROM "users" WHERE "users"."uid" = ? LIMIT 1[0m  [["uid", 144293747]]
D, [2016-03-24T14:08:05.082356 #13124] DEBUG -- :   [1m[35mUser Load (0.1ms)[0m  SELECT  "users".* FROM "users"  ORDER BY "users"."id" ASC LIMIT 1
D, [2016-03-24T14:08:09.205354 #13124] DEBUG -- :   [1m[36mUser Load (0.2ms)[0m  [1mSELECT  "users".* FROM "users" WHERE "users"."uid" = ? LIMIT 1[0m  [["uid", 144293747]]
D, [2016-03-24T14:08:09.205877 #13124] DEBUG -- :   [1m[35mUser Load (0.1ms)[0m  SELECT  "users".* FROM "users"  ORDER BY "users"."id" ASC LIMIT 1
D, [2016-03-24T14:08:22.077774 #13124] DEBUG -- :   [1m[36mUser Load (0.1ms)[0m  [1mSELECT  "users".* FROM "users" WHERE "users"."uid" = ? LIMIT 1[0m  [["uid", 144293747]]
D, [2016-03-24T14:08:22.078236 #13124] DEBUG -- :   [1m[35mUser Load (0.1ms)[0m  SELECT  "users".* FROM "users"  ORDER BY "users"."id" ASC LIMIT 1
D, [2016-03-24T14:21:01.234124 #13261] DEBUG -- :   [1m[36mUser Load (0.2ms)[0m  [1mSELECT  "users".* FROM "users" WHERE "users"."uid" = ? LIMIT 1[0m  [["uid", 144293747]]
D, [2016-03-24T14:21:01.239895 #13261] DEBUG -- :   [1m[35mUser Load (0.1ms)[0m  SELECT  "users".* FROM "users"  ORDER BY "users"."id" ASC LIMIT 1
D, [2016-03-24T14:21:31.885501 #13303] DEBUG -- :   [1m[36mUser Load (0.2ms)[0m  [1mSELECT  "users".* FROM "users" WHERE "users"."uid" = ? LIMIT 1[0m  [["uid", 144293747]]
D, [2016-03-24T14:21:31.889993 #13303] DEBUG -- :   [1m[35mUser Load (0.1ms)[0m  SELECT  "users".* FROM "users"  ORDER BY "users"."id" ASC LIMIT 1
D, [2016-03-24T14:22:06.828301 #13340] DEBUG -- :   [1m[36mUser Load (0.2ms)[0m  [1mSELECT  "users".* FROM "users" WHERE "users"."uid" = ? LIMIT 1[0m  [["uid", 144293747]]
D, [2016-03-24T14:22:06.832799 #13340] DEBUG -- :   [1m[35mUser Load (0.1ms)[0m  SELECT  "users".* FROM "users"  ORDER BY "users"."id" ASC LIMIT 1
D, [2016-03-24T14:41:34.076365 #13512] DEBUG -- :   [1m[36mUser Load (0.2ms)[0m  [1mSELECT  "users".* FROM "users" WHERE "users"."uid" = ? LIMIT 1[0m  [["uid", 144293747]]
D, [2016-03-24T14:41:34.082022 #13512] DEBUG -- :   [1m[35mUser Load (0.2ms)[0m  SELECT  "users".* FROM "users"  ORDER BY "users"."id" ASC LIMIT 1
D, [2016-03-24T14:42:23.277440 #13533] DEBUG -- :   [1m[36mUser Load (0.2ms)[0m  [1mSELECT  "users".* FROM "users" WHERE "users"."uid" = ? LIMIT 1[0m  [["uid", 144293747]]
D, [2016-03-24T14:42:23.281890 #13533] DEBUG -- :   [1m[35mUser Load (0.1ms)[0m  SELECT  "users".* FROM "users"  ORDER BY "users"."id" ASC LIMIT 1
D, [2016-03-24T15:04:38.440131 #13704] DEBUG -- :   [1m[36mUser Load (0.3ms)[0m  [1mSELECT  "users".* FROM "users" WHERE "users"."uid" = ? LIMIT 1[0m  [["uid", 144293747]]
D, [2016-03-24T15:04:38.448715 #13704] DEBUG -- :   [1m[35mUser Load (0.2ms)[0m  SELECT  "users".* FROM "users"  ORDER BY "users"."id" ASC LIMIT 1
D, [2016-03-24T15:05:00.679919 #13725] DEBUG -- :   [1m[36mUser Load (0.2ms)[0m  [1mSELECT  "users".* FROM "users" WHERE "users"."uid" = ? LIMIT 1[0m  [["uid", 144293747]]
D, [2016-03-24T15:05:00.684340 #13725] DEBUG -- :   [1m[35mUser Load (0.1ms)[0m  SELECT  "users".* FROM "users"  ORDER BY "users"."id" ASC LIMIT 1
D, [2016-03-24T15:11:25.162820 #13782] DEBUG -- :   [1m[36mUser Load (0.2ms)[0m  [1mSELECT  "users".* FROM "users" WHERE "users"."uid" = ? LIMIT 1[0m  [["uid", 144293747]]
D, [2016-03-24T15:11:25.167768 #13782] DEBUG -- :   [1m[35mUser Load (0.1ms)[0m  SELECT  "users".* FROM "users"  ORDER BY "users"."id" ASC LIMIT 1
D, [2016-03-24T15:36:15.699010 #13981] DEBUG -- :   [1m[36mUser Load (0.2ms)[0m  [1mSELECT  "users".* FROM "users" WHERE "users"."uid" = ? LIMIT 1[0m  [["uid", 26837003]]
D, [2016-03-24T15:36:15.704674 #13981] DEBUG -- :   [1m[35mUser Load (0.1ms)[0m  SELECT  "users".* FROM "users"  ORDER BY "users"."id" ASC LIMIT 1
D, [2016-03-24T15:47:48.990962 #14059] DEBUG -- :   [1m[36mUser Load (0.2ms)[0m  [1mSELECT  "users".* FROM "users" WHERE "users"."uid" = ? LIMIT 1[0m  [["uid", 144293747]]
D, [2016-03-24T15:47:48.996661 #14059] DEBUG -- :   [1m[35mUser Load (0.1ms)[0m  SELECT  "users".* FROM "users"  ORDER BY "users"."id" ASC LIMIT 1
D, [2016-03-24T15:48:53.721931 #14108] DEBUG -- :   [1m[36mUser Load (0.2ms)[0m  [1mSELECT  "users".* FROM "users" WHERE "users"."uid" = ? LIMIT 1[0m  [["uid", 144293747]]
D, [2016-03-24T15:48:53.726398 #14108] DEBUG -- :   [1m[35mUser Load (0.1ms)[0m  SELECT  "users".* FROM "users"  ORDER BY "users"."id" ASC LIMIT 1
D, [2016-03-24T15:49:28.486398 #14129] DEBUG -- :   [1m[36mUser Load (0.2ms)[0m  [1mSELECT  "users".* FROM "users" WHERE "users"."uid" = ? LIMIT 1[0m  [["uid", 144293747]]
D, [2016-03-24T15:49:28.490780 #14129] DEBUG -- :   [1m[35mUser Load (0.1ms)[0m  SELECT  "users".* FROM "users"  ORDER BY "users"."id" ASC LIMIT 1
D, [2016-03-24T15:51:11.604487 #14151] DEBUG -- :   [1m[36mUser Load (0.2ms)[0m  [1mSELECT  "users".* FROM "users" WHERE "users"."uid" = ? LIMIT 1[0m  [["uid", 144293747]]
D, [2016-03-24T15:51:11.608959 #14151] DEBUG -- :   [1m[35mUser Load (0.1ms)[0m  SELECT  "users".* FROM "users"  ORDER BY "users"."id" ASC LIMIT 1
D, [2016-03-24T15:52:04.087263 #14172] DEBUG -- :   [1m[36mUser Load (0.2ms)[0m  [1mSELECT  "users".* FROM "users" WHERE "users"."uid" = ? LIMIT 1[0m  [["uid", 144293747]]
D, [2016-03-24T15:52:04.094652 #14172] DEBUG -- :   [1m[35mUser Load (0.2ms)[0m  SELECT  "users".* FROM "users"  ORDER BY "users"."id" ASC LIMIT 1
D, [2016-03-24T15:56:12.579292 #14219] DEBUG -- :   [1m[36mUser Load (0.2ms)[0m  [1mSELECT  "users".* FROM "users" WHERE "users"."uid" = ? LIMIT 1[0m  [["uid", 26837003]]
D, [2016-03-24T15:56:12.584000 #14219] DEBUG -- :   [1m[35mUser Load (0.1ms)[0m  SELECT  "users".* FROM "users"  ORDER BY "users"."id" ASC LIMIT 1
D, [2016-03-24T15:56:20.862918 #14219] DEBUG -- :   [1m[36mUser Load (0.3ms)[0m  [1mSELECT  "users".* FROM "users" WHERE "users"."uid" = ? LIMIT 1[0m  [["uid", 26837003]]
D, [2016-03-24T15:56:20.863824 #14219] DEBUG -- :   [1m[35mUser Load (0.2ms)[0m  SELECT  "users".* FROM "users"  ORDER BY "users"."id" ASC LIMIT 1
D, [2016-03-24T15:56:38.195496 #14219] DEBUG -- :   [1m[36mUser Load (0.1ms)[0m  [1mSELECT  "users".* FROM "users" WHERE "users"."uid" = ? LIMIT 1[0m  [["uid", 144293747]]
D, [2016-03-24T15:56:38.195975 #14219] DEBUG -- :   [1m[35mUser Load (0.1ms)[0m  SELECT  "users".* FROM "users"  ORDER BY "users"."id" ASC LIMIT 1
D, [2016-03-24T15:56:40.771522 #14219] DEBUG -- :   [1m[36mUser Load (0.1ms)[0m  [1mSELECT  "users".* FROM "users" WHERE "users"."uid" = ? LIMIT 1[0m  [["uid", 144293747]]
D, [2016-03-24T15:56:40.772005 #14219] DEBUG -- :   [1m[35mUser Load (0.1ms)[0m  SELECT  "users".* FROM "users"  ORDER BY "users"."id" ASC LIMIT 1
D, [2016-03-24T15:57:34.369737 #14219] DEBUG -- :   [1m[36mUser Load (0.2ms)[0m  [1mSELECT  "users".* FROM "users" WHERE "users"."uid" = ? LIMIT 1[0m  [["uid", 26837003]]
D, [2016-03-24T15:57:34.370538 #14219] DEBUG -- :   [1m[35mUser Load (0.2ms)[0m  SELECT  "users".* FROM "users"  ORDER BY "users"."id" ASC LIMIT 1
D, [2016-03-24T16:01:26.551681 #14219] DEBUG -- :   [1m[36mUser Load (0.2ms)[0m  [1mSELECT  "users".* FROM "users" WHERE "users"."uid" = ? LIMIT 1[0m  [["uid", 26837003]]
D, [2016-03-24T16:01:26.552667 #14219] DEBUG -- :   [1m[35mUser Load (0.3ms)[0m  SELECT  "users".* FROM "users"  ORDER BY "users"."id" ASC LIMIT 1
D, [2016-03-24T16:01:35.938492 #14271] DEBUG -- :   [1m[36mUser Load (0.2ms)[0m  [1mSELECT  "users".* FROM "users" WHERE "users"."uid" = ? LIMIT 1[0m  [["uid", 26837003]]
D, [2016-03-24T16:01:35.942957 #14271] DEBUG -- :   [1m[35mUser Load (0.1ms)[0m  SELECT  "users".* FROM "users"  ORDER BY "users"."id" ASC LIMIT 1
D, [2016-03-24T16:03:21.329129 #14316] DEBUG -- :   [1m[36mUser Load (0.2ms)[0m  [1mSELECT  "users".* FROM "users" WHERE "users"."uid" = ? LIMIT 1[0m  [["uid", 26837003]]
D, [2016-03-24T16:03:21.333584 #14316] DEBUG -- :   [1m[35mUser Load (0.1ms)[0m  SELECT  "users".* FROM "users"  ORDER BY "users"."id" ASC LIMIT 1
D, [2016-03-24T16:03:34.543711 #14316] DEBUG -- :   [1m[36mUser Load (0.2ms)[0m  [1mSELECT  "users".* FROM "users" WHERE "users"."uid" = ? LIMIT 1[0m  [["uid", 26837003]]
D, [2016-03-24T16:03:34.544485 #14316] DEBUG -- :   [1m[35mUser Load (0.2ms)[0m  SELECT  "users".* FROM "users"  ORDER BY "users"."id" ASC LIMIT 1
D, [2016-03-24T16:05:32.990000 #14316] DEBUG -- :   [1m[36mUser Load (0.1ms)[0m  [1mSELECT  "users".* FROM "users" WHERE "users"."uid" = ? LIMIT 1[0m  [["uid", 144293747]]
D, [2016-03-24T16:05:32.990531 #14316] DEBUG -- :   [1m[35mUser Load (0.1ms)[0m  SELECT  "users".* FROM "users"  ORDER BY "users"."id" ASC LIMIT 1
D, [2016-03-24T16:06:35.706933 #14316] DEBUG -- :   [1m[36mUser Load (0.1ms)[0m  [1mSELECT  "users".* FROM "users" WHERE "users"."uid" = ? LIMIT 1[0m  [["uid", 144293747]]
D, [2016-03-24T16:06:35.707387 #14316] DEBUG -- :   [1m[35mUser Load (0.1ms)[0m  SELECT  "users".* FROM "users"  ORDER BY "users"."id" ASC LIMIT 1
D, [2016-03-24T16:25:18.162270 #14462] DEBUG -- :   [1m[36mUser Load (0.2ms)[0m  [1mSELECT  "users".* FROM "users" WHERE "users"."uid" = ? LIMIT 1[0m  [["uid", 26837003]]
D, [2016-03-24T16:25:18.167191 #14462] DEBUG -- :   [1m[35mUser Load (0.1ms)[0m  SELECT  "users".* FROM "users"  ORDER BY "users"."id" ASC LIMIT 1
D, [2016-03-24T16:26:11.184224 #14501] DEBUG -- :   [1m[36mUser Load (0.2ms)[0m  [1mSELECT  "users".* FROM "users" WHERE "users"."uid" = ? LIMIT 1[0m  [["uid", 26837003]]
D, [2016-03-24T16:26:11.188510 #14501] DEBUG -- :   [1m[35mUser Load (0.1ms)[0m  SELECT  "users".* FROM "users"  ORDER BY "users"."id" ASC LIMIT 1
D, [2016-03-24T16:27:04.588404 #14522] DEBUG -- :   [1m[36mUser Load (0.2ms)[0m  [1mSELECT  "users".* FROM "users" WHERE "users"."uid" = ? LIMIT 1[0m  [["uid", 26837003]]
D, [2016-03-24T16:27:04.592676 #14522] DEBUG -- :   [1m[35mUser Load (0.1ms)[0m  SELECT  "users".* FROM "users"  ORDER BY "users"."id" ASC LIMIT 1
D, [2016-03-24T16:27:10.902002 #14522] DEBUG -- :   [1m[36mUser Load (0.2ms)[0m  [1mSELECT  "users".* FROM "users" WHERE "users"."uid" = ? LIMIT 1[0m  [["uid", 26837003]]
D, [2016-03-24T16:27:10.902822 #14522] DEBUG -- :   [1m[35mUser Load (0.2ms)[0m  SELECT  "users".* FROM "users"  ORDER BY "users"."id" ASC LIMIT 1
D, [2016-03-24T16:32:31.611124 #14522] DEBUG -- :   [1m[36mUser Load (0.1ms)[0m  [1mSELECT  "users".* FROM "users" WHERE "users"."uid" = ? LIMIT 1[0m  [["uid", 144293747]]
D, [2016-03-24T16:32:31.611864 #14522] DEBUG -- :   [1m[35mUser Load (0.2ms)[0m  SELECT  "users".* FROM "users"  ORDER BY "users"."id" ASC LIMIT 1
D, [2016-03-24T16:32:35.371149 #14522] DEBUG -- :   [1m[36mUser Load (0.1ms)[0m  [1mSELECT  "users".* FROM "users" WHERE "users"."uid" = ? LIMIT 1[0m  [["uid", 144293747]]
D, [2016-03-24T16:32:35.371615 #14522] DEBUG -- :   [1m[35mUser Load (0.1ms)[0m  SELECT  "users".* FROM "users"  ORDER BY "users"."id" ASC LIMIT 1
D, [2016-03-24T16:32:48.526397 #14522] DEBUG -- :   [1m[36mUser Load (0.1ms)[0m  [1mSELECT  "users".* FROM "users" WHERE "users"."uid" = ? LIMIT 1[0m  [["uid", 144293747]]
D, [2016-03-24T16:32:48.526835 #14522] DEBUG -- :   [1m[35mUser Load (0.1ms)[0m  SELECT  "users".* FROM "users"  ORDER BY "users"."id" ASC LIMIT 1
D, [2016-03-24T16:56:07.982723 #14737] DEBUG -- :   [1m[36mUser Load (0.2ms)[0m  [1mSELECT  "users".* FROM "users" WHERE "users"."uid" = ? LIMIT 1[0m  [["uid", 144293747]]
D, [2016-03-24T16:56:07.988659 #14737] DEBUG -- :   [1m[35mUser Load (0.1ms)[0m  SELECT  "users".* FROM "users"  ORDER BY "users"."id" ASC LIMIT 1
D, [2016-03-24T16:56:13.693974 #14737] DEBUG -- :   [1m[36mUser Load (0.1ms)[0m  [1mSELECT  "users".* FROM "users" WHERE "users"."uid" = ? LIMIT 1[0m  [["uid", 144293747]]
D, [2016-03-24T16:56:13.694422 #14737] DEBUG -- :   [1m[35mUser Load (0.1ms)[0m  SELECT  "users".* FROM "users"  ORDER BY "users"."id" ASC LIMIT 1
D, [2016-03-24T16:56:17.676377 #14737] DEBUG -- :   [1m[36mUser Load (0.1ms)[0m  [1mSELECT  "users".* FROM "users" WHERE "users"."uid" = ? LIMIT 1[0m  [["uid", 144293747]]
D, [2016-03-24T16:56:17.676852 #14737] DEBUG -- :   [1m[35mUser Load (0.1ms)[0m  SELECT  "users".* FROM "users"  ORDER BY "users"."id" ASC LIMIT 1
D, [2016-03-24T16:58:09.067761 #14783] DEBUG -- :   [1m[36mUser Load (0.2ms)[0m  [1mSELECT  "users".* FROM "users" WHERE "users"."uid" = ? LIMIT 1[0m  [["uid", 144293747]]
D, [2016-03-24T16:58:09.072139 #14783] DEBUG -- :   [1m[35mUser Load (0.1ms)[0m  SELECT  "users".* FROM "users"  ORDER BY "users"."id" ASC LIMIT 1
D, [2016-03-24T16:58:19.240538 #14783] DEBUG -- :   [1m[36mUser Load (0.1ms)[0m  [1mSELECT  "users".* FROM "users" WHERE "users"."uid" = ? LIMIT 1[0m  [["uid", 144293747]]
D, [2016-03-24T16:58:19.241002 #14783] DEBUG -- :   [1m[35mUser Load (0.1ms)[0m  SELECT  "users".* FROM "users"  ORDER BY "users"."id" ASC LIMIT 1
D, [2016-03-24T16:58:22.760464 #14783] DEBUG -- :   [1m[36mUser Load (0.1ms)[0m  [1mSELECT  "users".* FROM "users" WHERE "users"."uid" = ? LIMIT 1[0m  [["uid", 144293747]]
D, [2016-03-24T16:58:22.760931 #14783] DEBUG -- :   [1m[35mUser Load (0.1ms)[0m  SELECT  "users".* FROM "users"  ORDER BY "users"."id" ASC LIMIT 1
D, [2016-03-24T16:58:40.343314 #14783] DEBUG -- :   [1m[36mUser Load (0.2ms)[0m  [1mSELECT  "users".* FROM "users" WHERE "users"."uid" = ? LIMIT 1[0m  [["uid", 26837003]]
D, [2016-03-24T16:58:40.344106 #14783] DEBUG -- :   [1m[35mUser Load (0.2ms)[0m  SELECT  "users".* FROM "users"  ORDER BY "users"."id" ASC LIMIT 1
D, [2016-03-24T17:07:32.013868 #14838] DEBUG -- :   [1m[36mUser Load (0.2ms)[0m  [1mSELECT  "users".* FROM "users" WHERE "users"."uid" = ? LIMIT 1[0m  [["uid", 26837003]]
D, [2016-03-24T17:07:32.018137 #14838] DEBUG -- :   [1m[35mUser Load (0.1ms)[0m  SELECT  "users".* FROM "users"  ORDER BY "users"."id" ASC LIMIT 1
D, [2016-03-24T17:07:35.499509 #14838] DEBUG -- :   [1m[36mUser Load (0.2ms)[0m  [1mSELECT  "users".* FROM "users" WHERE "users"."uid" = ? LIMIT 1[0m  [["uid", 26837003]]
D, [2016-03-24T17:07:35.500332 #14838] DEBUG -- :   [1m[35mUser Load (0.2ms)[0m  SELECT  "users".* FROM "users"  ORDER BY "users"."id" ASC LIMIT 1
D, [2016-03-24T17:08:45.873865 #14884] DEBUG -- :   [1m[36mUser Load (0.2ms)[0m  [1mSELECT  "users".* FROM "users" WHERE "users"."uid" = ? LIMIT 1[0m  [["uid", 26837003]]
D, [2016-03-24T17:08:45.878240 #14884] DEBUG -- :   [1m[35mUser Load (0.1ms)[0m  SELECT  "users".* FROM "users"  ORDER BY "users"."id" ASC LIMIT 1
D, [2016-03-24T17:08:53.767436 #14884] DEBUG -- :   [1m[36mUser Load (0.2ms)[0m  [1mSELECT  "users".* FROM "users" WHERE "users"."uid" = ? LIMIT 1[0m  [["uid", 26837003]]
D, [2016-03-24T17:08:53.768256 #14884] DEBUG -- :   [1m[35mUser Load (0.2ms)[0m  SELECT  "users".* FROM "users"  ORDER BY "users"."id" ASC LIMIT 1
D, [2016-03-24T17:16:53.567503 #14935] DEBUG -- :   [1m[36mUser Load (0.2ms)[0m  [1mSELECT  "users".* FROM "users" WHERE "users"."uid" = ? LIMIT 1[0m  [["uid", 144293747]]
D, [2016-03-24T17:16:53.572488 #14935] DEBUG -- :   [1m[35mUser Load (0.1ms)[0m  SELECT  "users".* FROM "users"  ORDER BY "users"."id" ASC LIMIT 1
D, [2016-03-24T17:17:01.365647 #14935] DEBUG -- :   [1m[36mUser Load (0.1ms)[0m  [1mSELECT  "users".* FROM "users" WHERE "users"."uid" = ? LIMIT 1[0m  [["uid", 144293747]]
D, [2016-03-24T17:17:01.366170 #14935] DEBUG -- :   [1m[35mUser Load (0.1ms)[0m  SELECT  "users".* FROM "users"  ORDER BY "users"."id" ASC LIMIT 1
D, [2016-03-24T17:17:58.195759 #14957] DEBUG -- :   [1m[36mUser Load (0.2ms)[0m  [1mSELECT  "users".* FROM "users" WHERE "users"."uid" = ? LIMIT 1[0m  [["uid", 144293747]]
D, [2016-03-24T17:17:58.200082 #14957] DEBUG -- :   [1m[35mUser Load (0.1ms)[0m  SELECT  "users".* FROM "users"  ORDER BY "users"."id" ASC LIMIT 1
D, [2016-03-24T17:18:01.203420 #14957] DEBUG -- :   [1m[36mUser Load (0.1ms)[0m  [1mSELECT  "users".* FROM "users" WHERE "users"."uid" = ? LIMIT 1[0m  [["uid", 144293747]]
D, [2016-03-24T17:18:01.203897 #14957] DEBUG -- :   [1m[35mUser Load (0.1ms)[0m  SELECT  "users".* FROM "users"  ORDER BY "users"."id" ASC LIMIT 1
D, [2016-03-24T17:20:50.915905 #15005] DEBUG -- :   [1m[36mUser Load (0.2ms)[0m  [1mSELECT  "users".* FROM "users" WHERE "users"."uid" = ? LIMIT 1[0m  [["uid", 26837003]]
D, [2016-03-24T17:20:50.920622 #15005] DEBUG -- :   [1m[35mUser Load (0.1ms)[0m  SELECT  "users".* FROM "users"  ORDER BY "users"."id" ASC LIMIT 1
D, [2016-03-24T17:20:54.041745 #15005] DEBUG -- :   [1m[36mUser Load (0.2ms)[0m  [1mSELECT  "users".* FROM "users" WHERE "users"."uid" = ? LIMIT 1[0m  [["uid", 26837003]]
D, [2016-03-24T17:20:54.042600 #15005] DEBUG -- :   [1m[35mUser Load (0.2ms)[0m  SELECT  "users".* FROM "users"  ORDER BY "users"."id" ASC LIMIT 1
D, [2016-03-24T17:22:47.395135 #15059] DEBUG -- :   [1m[36mUser Load (0.2ms)[0m  [1mSELECT  "users".* FROM "users" WHERE "users"."uid" = ? LIMIT 1[0m  [["uid", 26837003]]
D, [2016-03-24T17:22:47.399852 #15059] DEBUG -- :   [1m[35mUser Load (0.1ms)[0m  SELECT  "users".* FROM "users"  ORDER BY "users"."id" ASC LIMIT 1
D, [2016-03-24T17:23:24.438500 #15059] DEBUG -- :   [1m[36mUser Load (0.4ms)[0m  [1mSELECT  "users".* FROM "users" WHERE "users"."uid" = ? LIMIT 1[0m  [["uid", 26837003]]
D, [2016-03-24T17:23:24.443320 #15059] DEBUG -- :   [1m[35mUser Load (0.4ms)[0m  SELECT  "users".* FROM "users"  ORDER BY "users"."id" ASC LIMIT 1
D, [2016-03-24T17:29:02.896115 #15136] DEBUG -- :   [1m[36mUser Load (0.2ms)[0m  [1mSELECT  "users".* FROM "users" WHERE "users"."uid" = ? LIMIT 1[0m  [["uid", 26837003]]
D, [2016-03-24T17:29:02.900523 #15136] DEBUG -- :   [1m[35mUser Load (0.1ms)[0m  SELECT  "users".* FROM "users"  ORDER BY "users"."id" ASC LIMIT 1
D, [2016-03-24T17:29:11.346080 #15136] DEBUG -- :   [1m[36mUser Load (0.4ms)[0m  [1mSELECT  "users".* FROM "users" WHERE "users"."uid" = ? LIMIT 1[0m  [["uid", 26837003]]
D, [2016-03-24T17:29:11.349848 #15136] DEBUG -- :   [1m[35mUser Load (0.5ms)[0m  SELECT  "users".* FROM "users"  ORDER BY "users"."id" ASC LIMIT 1
D, [2016-03-24T17:37:20.344107 #15211] DEBUG -- :   [1m[36mUser Load (0.2ms)[0m  [1mSELECT  "users".* FROM "users" WHERE "users"."uid" = ? LIMIT 1[0m  [["uid", 26837003]]
D, [2016-03-24T17:37:20.349000 #15211] DEBUG -- :   [1m[35mUser Load (0.1ms)[0m  SELECT  "users".* FROM "users"  ORDER BY "users"."id" ASC LIMIT 1
D, [2016-03-24T17:37:30.585204 #15211] DEBUG -- :   [1m[36mUser Load (0.4ms)[0m  [1mSELECT  "users".* FROM "users" WHERE "users"."uid" = ? LIMIT 1[0m  [["uid", 26837003]]
D, [2016-03-24T17:37:30.588435 #15211] DEBUG -- :   [1m[35mUser Load (0.4ms)[0m  SELECT  "users".* FROM "users"  ORDER BY "users"."id" ASC LIMIT 1
D, [2016-03-24T17:43:59.589539 #15287] DEBUG -- :   [1m[36mUser Load (0.2ms)[0m  [1mSELECT  "users".* FROM "users" WHERE "users"."uid" = ? LIMIT 1[0m  [["uid", 26837003]]
D, [2016-03-24T17:43:59.594612 #15287] DEBUG -- :   [1m[35mUser Load (0.1ms)[0m  SELECT  "users".* FROM "users"  ORDER BY "users"."id" ASC LIMIT 1
D, [2016-03-24T17:44:07.883935 #15287] DEBUG -- :   [1m[36mUser Load (0.2ms)[0m  [1mSELECT  "users".* FROM "users" WHERE "users"."uid" = ? LIMIT 1[0m  [["uid", 26837003]]
D, [2016-03-24T17:44:07.884855 #15287] DEBUG -- :   [1m[35mUser Load (0.2ms)[0m  SELECT  "users".* FROM "users"  ORDER BY "users"."id" ASC LIMIT 1
D, [2016-03-24T17:44:35.668954 #15309] DEBUG -- :   [1m[36mUser Load (0.2ms)[0m  [1mSELECT  "users".* FROM "users" WHERE "users"."uid" = ? LIMIT 1[0m  [["uid", 26837003]]
D, [2016-03-24T17:44:35.673761 #15309] DEBUG -- :   [1m[35mUser Load (0.1ms)[0m  SELECT  "users".* FROM "users"  ORDER BY "users"."id" ASC LIMIT 1
D, [2016-03-24T17:44:40.572004 #15309] DEBUG -- :   [1m[36mUser Load (0.2ms)[0m  [1mSELECT  "users".* FROM "users" WHERE "users"."uid" = ? LIMIT 1[0m  [["uid", 26837003]]
D, [2016-03-24T17:44:40.572810 #15309] DEBUG -- :   [1m[35mUser Load (0.2ms)[0m  SELECT  "users".* FROM "users"  ORDER BY "users"."id" ASC LIMIT 1
D, [2016-03-24T18:00:02.638864 #15511] DEBUG -- :   [1m[36mUser Load (0.2ms)[0m  [1mSELECT  "users".* FROM "users" WHERE "users"."uid" = ? LIMIT 1[0m  [["uid", 26837003]]
D, [2016-03-24T18:00:02.643843 #15511] DEBUG -- :   [1m[35mUser Load (0.1ms)[0m  SELECT  "users".* FROM "users"  ORDER BY "users"."id" ASC LIMIT 1
D, [2016-03-24T18:00:03.666929 #15511] DEBUG -- :   [1m[36m (0.2ms)[0m  [1mbegin transaction[0m
D, [2016-03-24T18:00:03.672635 #15511] DEBUG -- :   [1m[35mSQL (0.5ms)[0m  UPDATE "users" SET "state" = ? WHERE "users"."id" = ?  [["state", "choosing_pizza"], ["id", 2]]
D, [2016-03-24T18:00:03.673560 #15511] DEBUG -- :   [1m[36m (0.6ms)[0m  [1mcommit transaction[0m
D, [2016-03-24T18:00:03.763597 #15511] DEBUG -- :   [1m[35m (0.1ms)[0m  begin transaction
D, [2016-03-24T18:00:03.765813 #15511] DEBUG -- :   [1m[36mSQL (1.2ms)[0m  [1mUPDATE "users" SET "state" = ? WHERE "users"."id" = ?[0m  [["state", nil], ["id", 2]]
D, [2016-03-24T18:00:03.767640 #15511] DEBUG -- :   [1m[35m (1.4ms)[0m  commit transaction
D, [2016-03-24T18:00:23.862495 #15511] DEBUG -- :   [1m[36mUser Load (0.2ms)[0m  [1mSELECT  "users".* FROM "users" WHERE "users"."uid" = ? LIMIT 1[0m  [["uid", 26837003]]
D, [2016-03-24T18:00:23.863276 #15511] DEBUG -- :   [1m[35mUser Load (0.2ms)[0m  SELECT  "users".* FROM "users"  ORDER BY "users"."id" ASC LIMIT 1
D, [2016-03-24T18:02:59.660838 #15532] DEBUG -- :   [1m[36mUser Load (0.2ms)[0m  [1mSELECT  "users".* FROM "users" WHERE "users"."uid" = ? LIMIT 1[0m  [["uid", 26837003]]
D, [2016-03-24T18:02:59.666071 #15532] DEBUG -- :   [1m[35mUser Load (0.1ms)[0m  SELECT  "users".* FROM "users"  ORDER BY "users"."id" ASC LIMIT 1
D, [2016-03-24T18:03:00.182996 #15532] DEBUG -- :   [1m[36m (0.2ms)[0m  [1mbegin transaction[0m
D, [2016-03-24T18:03:00.188857 #15532] DEBUG -- :   [1m[35mSQL (0.6ms)[0m  UPDATE "users" SET "state" = ? WHERE "users"."id" = ?  [["state", "choosing_pizza"], ["id", 2]]
D, [2016-03-24T18:03:00.189855 #15532] DEBUG -- :   [1m[36m (0.7ms)[0m  [1mcommit transaction[0m
D, [2016-03-24T18:03:06.526768 #15532] DEBUG -- :   [1m[35mUser Load (0.2ms)[0m  SELECT  "users".* FROM "users" WHERE "users"."uid" = ? LIMIT 1  [["uid", 26837003]]
D, [2016-03-24T18:03:06.527610 #15532] DEBUG -- :   [1m[36mUser Load (0.2ms)[0m  [1mSELECT  "users".* FROM "users"  ORDER BY "users"."id" ASC LIMIT 1[0m
D, [2016-03-24T18:03:06.616046 #15532] DEBUG -- :   [1m[35m (0.2ms)[0m  begin transaction
D, [2016-03-24T18:03:06.618375 #15532] DEBUG -- :   [1m[36mSQL (0.6ms)[0m  [1mUPDATE "users" SET "state" = ? WHERE "users"."id" = ?[0m  [["state", nil], ["id", 2]]
D, [2016-03-24T18:03:06.619903 #15532] DEBUG -- :   [1m[35m (1.1ms)[0m  commit transaction
D, [2016-03-24T18:03:20.406791 #15532] DEBUG -- :   [1m[36mUser Load (0.2ms)[0m  [1mSELECT  "users".* FROM "users" WHERE "users"."uid" = ? LIMIT 1[0m  [["uid", 26837003]]
D, [2016-03-24T18:03:20.407607 #15532] DEBUG -- :   [1m[35mUser Load (0.3ms)[0m  SELECT  "users".* FROM "users"  ORDER BY "users"."id" ASC LIMIT 1
D, [2016-03-24T18:03:36.186455 #15532] DEBUG -- :   [1m[36mUser Load (0.2ms)[0m  [1mSELECT  "users".* FROM "users" WHERE "users"."uid" = ? LIMIT 1[0m  [["uid", 26837003]]
D, [2016-03-24T18:03:36.187239 #15532] DEBUG -- :   [1m[35mUser Load (0.2ms)[0m  SELECT  "users".* FROM "users"  ORDER BY "users"."id" ASC LIMIT 1
D, [2016-03-24T18:03:36.634737 #15532] DEBUG -- :   [1m[36m (0.2ms)[0m  [1mbegin transaction[0m
D, [2016-03-24T18:03:36.636651 #15532] DEBUG -- :   [1m[35mSQL (0.6ms)[0m  UPDATE "users" SET "state" = ? WHERE "users"."id" = ?  [["state", "choosing_pizza"], ["id", 2]]
D, [2016-03-24T18:03:36.637783 #15532] DEBUG -- :   [1m[36m (0.8ms)[0m  [1mcommit transaction[0m
D, [2016-03-24T18:03:38.725887 #15532] DEBUG -- :   [1m[35mUser Load (0.2ms)[0m  SELECT  "users".* FROM "users" WHERE "users"."uid" = ? LIMIT 1  [["uid", 26837003]]
D, [2016-03-24T18:03:38.726750 #15532] DEBUG -- :   [1m[36mUser Load (0.2ms)[0m  [1mSELECT  "users".* FROM "users"  ORDER BY "users"."id" ASC LIMIT 1[0m
D, [2016-03-24T18:03:38.832187 #15532] DEBUG -- :   [1m[35m (0.1ms)[0m  begin transaction
D, [2016-03-24T18:03:38.833579 #15532] DEBUG -- :   [1m[36mSQL (0.4ms)[0m  [1mUPDATE "users" SET "state" = ? WHERE "users"."id" = ?[0m  [["state", nil], ["id", 2]]
D, [2016-03-24T18:03:38.834873 #15532] DEBUG -- :   [1m[35m (0.9ms)[0m  commit transaction
D, [2016-03-24T18:03:40.077856 #15532] DEBUG -- :   [1m[36mUser Load (0.2ms)[0m  [1mSELECT  "users".* FROM "users" WHERE "users"."uid" = ? LIMIT 1[0m  [["uid", 144293747]]
D, [2016-03-24T18:03:40.078780 #15532] DEBUG -- :   [1m[35mUser Load (0.2ms)[0m  SELECT  "users".* FROM "users"  ORDER BY "users"."id" ASC LIMIT 1
D, [2016-03-24T18:03:42.630775 #15532] DEBUG -- :   [1m[36mUser Load (0.2ms)[0m  [1mSELECT  "users".* FROM "users" WHERE "users"."uid" = ? LIMIT 1[0m  [["uid", 144293747]]
D, [2016-03-24T18:03:42.631614 #15532] DEBUG -- :   [1m[35mUser Load (0.2ms)[0m  SELECT  "users".* FROM "users"  ORDER BY "users"."id" ASC LIMIT 1
D, [2016-03-24T18:03:44.164414 #15532] DEBUG -- :   [1m[36mUser Load (0.3ms)[0m  [1mSELECT  "users".* FROM "users" WHERE "users"."uid" = ? LIMIT 1[0m  [["uid", 144293747]]
D, [2016-03-24T18:03:44.165619 #15532] DEBUG -- :   [1m[35mUser Load (0.3ms)[0m  SELECT  "users".* FROM "users"  ORDER BY "users"."id" ASC LIMIT 1
D, [2016-03-24T18:05:19.671154 #15577] DEBUG -- :   [1m[36mUser Load (0.3ms)[0m  [1mSELECT  "users".* FROM "users" WHERE "users"."uid" = ? LIMIT 1[0m  [["uid", 26837003]]
D, [2016-03-24T18:05:19.676970 #15577] DEBUG -- :   [1m[35mUser Load (0.2ms)[0m  SELECT  "users".* FROM "users"  ORDER BY "users"."id" ASC LIMIT 1
D, [2016-03-24T18:05:19.678258 #15577] DEBUG -- :   [1m[36mUser Load (0.1ms)[0m  [1mSELECT  "users".* FROM "users" WHERE "users"."uid" = ? LIMIT 1[0m  [["uid", 26837003]]
D, [2016-03-24T18:05:19.678799 #15577] DEBUG -- :   [1m[35mUser Load (0.1ms)[0m  SELECT  "users".* FROM "users"  ORDER BY "users"."id" ASC LIMIT 1
D, [2016-03-24T18:05:19.679867 #15577] DEBUG -- :   [1m[36mUser Load (0.1ms)[0m  [1mSELECT  "users".* FROM "users" WHERE "users"."uid" = ? LIMIT 1[0m  [["uid", 26837003]]
D, [2016-03-24T18:05:19.680304 #15577] DEBUG -- :   [1m[35mUser Load (0.1ms)[0m  SELECT  "users".* FROM "users"  ORDER BY "users"."id" ASC LIMIT 1
D, [2016-03-24T18:05:19.681385 #15577] DEBUG -- :   [1m[36mUser Load (0.1ms)[0m  [1mSELECT  "users".* FROM "users" WHERE "users"."uid" = ? LIMIT 1[0m  [["uid", 144293747]]
D, [2016-03-24T18:05:19.681908 #15577] DEBUG -- :   [1m[35mUser Load (0.1ms)[0m  SELECT  "users".* FROM "users"  ORDER BY "users"."id" ASC LIMIT 1
D, [2016-03-24T18:05:20.175501 #15577] DEBUG -- :   [1m[36m (0.2ms)[0m  [1mbegin transaction[0m
D, [2016-03-24T18:05:20.184639 #15577] DEBUG -- :   [1m[35mSQL (0.7ms)[0m  UPDATE "users" SET "state" = ? WHERE "users"."id" = ?  [["state", "choosing_pizza"], ["id", 1]]
D, [2016-03-24T18:05:20.186114 #15577] DEBUG -- :   [1m[36m (1.0ms)[0m  [1mcommit transaction[0m
D, [2016-03-24T18:05:22.491103 #15577] DEBUG -- :   [1m[35mUser Load (0.2ms)[0m  SELECT  "users".* FROM "users" WHERE "users"."uid" = ? LIMIT 1  [["uid", 26837003]]
D, [2016-03-24T18:05:22.491857 #15577] DEBUG -- :   [1m[36mUser Load (0.2ms)[0m  [1mSELECT  "users".* FROM "users"  ORDER BY "users"."id" ASC LIMIT 1[0m
D, [2016-03-24T18:05:27.106909 #15577] DEBUG -- :   [1m[35mUser Load (0.2ms)[0m  SELECT  "users".* FROM "users" WHERE "users"."uid" = ? LIMIT 1  [["uid", 144293747]]
D, [2016-03-24T18:05:27.107937 #15577] DEBUG -- :   [1m[36mUser Load (0.2ms)[0m  [1mSELECT  "users".* FROM "users"  ORDER BY "users"."id" ASC LIMIT 1[0m
D, [2016-03-24T18:05:27.255042 #15577] DEBUG -- :   [1m[35m (0.2ms)[0m  begin transaction
D, [2016-03-24T18:05:27.256601 #15577] DEBUG -- :   [1m[36mSQL (0.4ms)[0m  [1mUPDATE "users" SET "state" = ? WHERE "users"."id" = ?[0m  [["state", nil], ["id", 1]]
D, [2016-03-24T18:05:27.257644 #15577] DEBUG -- :   [1m[35m (0.7ms)[0m  commit transaction
D, [2016-03-24T18:05:56.061902 #15577] DEBUG -- :   [1m[36mUser Load (0.3ms)[0m  [1mSELECT  "users".* FROM "users" WHERE "users"."uid" = ? LIMIT 1[0m  [["uid", 144293747]]
D, [2016-03-24T18:05:56.063318 #15577] DEBUG -- :   [1m[35mUser Load (0.3ms)[0m  SELECT  "users".* FROM "users"  ORDER BY "users"."id" ASC LIMIT 1
D, [2016-03-24T18:06:02.001012 #15577] DEBUG -- :   [1m[36mUser Load (0.2ms)[0m  [1mSELECT  "users".* FROM "users" WHERE "users"."uid" = ? LIMIT 1[0m  [["uid", 26837003]]
D, [2016-03-24T18:06:02.001838 #15577] DEBUG -- :   [1m[35mUser Load (0.2ms)[0m  SELECT  "users".* FROM "users"  ORDER BY "users"."id" ASC LIMIT 1
D, [2016-03-24T18:06:24.375677 #15577] DEBUG -- :   [1m[36mUser Load (0.2ms)[0m  [1mSELECT  "users".* FROM "users" WHERE "users"."uid" = ? LIMIT 1[0m  [["uid", 144293747]]
D, [2016-03-24T18:06:24.376598 #15577] DEBUG -- :   [1m[35mUser Load (0.2ms)[0m  SELECT  "users".* FROM "users"  ORDER BY "users"."id" ASC LIMIT 1
D, [2016-03-24T18:07:15.360360 #15577] DEBUG -- :   [1m[36mUser Load (0.2ms)[0m  [1mSELECT  "users".* FROM "users" WHERE "users"."uid" = ? LIMIT 1[0m  [["uid", 26837003]]
D, [2016-03-24T18:07:15.361114 #15577] DEBUG -- :   [1m[35mUser Load (0.2ms)[0m  SELECT  "users".* FROM "users"  ORDER BY "users"."id" ASC LIMIT 1
D, [2016-03-24T18:07:15.920099 #15577] DEBUG -- :   [1m[36m (0.2ms)[0m  [1mbegin transaction[0m
D, [2016-03-24T18:07:15.922140 #15577] DEBUG -- :   [1m[35mSQL (0.5ms)[0m  UPDATE "users" SET "state" = ? WHERE "users"."id" = ?  [["state", "choosing_pizza"], ["id", 2]]
D, [2016-03-24T18:07:15.923383 #15577] DEBUG -- :   [1m[36m (1.0ms)[0m  [1mcommit transaction[0m
D, [2016-03-24T18:07:20.096224 #15577] DEBUG -- :   [1m[35mUser Load (0.2ms)[0m  SELECT  "users".* FROM "users" WHERE "users"."uid" = ? LIMIT 1  [["uid", 26837003]]
D, [2016-03-24T18:07:20.097059 #15577] DEBUG -- :   [1m[36mUser Load (0.3ms)[0m  [1mSELECT  "users".* FROM "users"  ORDER BY "users"."id" ASC LIMIT 1[0m
D, [2016-03-24T18:07:20.194690 #15577] DEBUG -- :   [1m[35m (0.2ms)[0m  begin transaction
D, [2016-03-24T18:07:20.196963 #15577] DEBUG -- :   [1m[36mSQL (0.8ms)[0m  [1mUPDATE "users" SET "state" = ? WHERE "users"."id" = ?[0m  [["state", nil], ["id", 2]]
D, [2016-03-24T18:07:20.198808 #15577] DEBUG -- :   [1m[35m (1.2ms)[0m  commit transaction
D, [2016-03-24T18:07:40.106021 #15577] DEBUG -- :   [1m[36mUser Load (0.1ms)[0m  [1mSELECT  "users".* FROM "users" WHERE "users"."uid" = ? LIMIT 1[0m  [["uid", 144293747]]
D, [2016-03-24T18:07:40.106596 #15577] DEBUG -- :   [1m[35mUser Load (0.2ms)[0m  SELECT  "users".* FROM "users"  ORDER BY "users"."id" ASC LIMIT 1
D, [2016-03-24T18:08:07.341363 #15577] DEBUG -- :   [1m[36mUser Load (0.2ms)[0m  [1mSELECT  "users".* FROM "users" WHERE "users"."uid" = ? LIMIT 1[0m  [["uid", 144293747]]
D, [2016-03-24T18:08:07.342285 #15577] DEBUG -- :   [1m[35mUser Load (0.3ms)[0m  SELECT  "users".* FROM "users"  ORDER BY "users"."id" ASC LIMIT 1
D, [2016-03-24T18:08:28.532695 #15577] DEBUG -- :   [1m[36mUser Load (0.2ms)[0m  [1mSELECT  "users".* FROM "users" WHERE "users"."uid" = ? LIMIT 1[0m  [["uid", 144293747]]
D, [2016-03-24T18:08:28.533573 #15577] DEBUG -- :   [1m[35mUser Load (0.2ms)[0m  SELECT  "users".* FROM "users"  ORDER BY "users"."id" ASC LIMIT 1
D, [2016-03-24T18:22:38.997817 #16133] DEBUG -- :   [1m[36mUser Load (0.2ms)[0m  [1mSELECT  "users".* FROM "users" WHERE "users"."uid" = ? LIMIT 1[0m  [["uid", 144293747]]
D, [2016-03-24T18:22:39.002935 #16133] DEBUG -- :   [1m[35mUser Load (0.1ms)[0m  SELECT  "users".* FROM "users"  ORDER BY "users"."id" ASC LIMIT 1
D, [2016-03-24T18:22:39.492329 #16133] DEBUG -- :   [1m[36m (0.2ms)[0m  [1mbegin transaction[0m
D, [2016-03-24T18:22:39.499616 #16133] DEBUG -- :   [1m[35mSQL (0.8ms)[0m  UPDATE "users" SET "state" = ? WHERE "users"."id" = ?  [["state", "choosing_pizza"], ["id", 1]]
D, [2016-03-24T18:22:39.500846 #16133] DEBUG -- :   [1m[36m (0.7ms)[0m  [1mcommit transaction[0m
D, [2016-03-24T18:22:46.066729 #16133] DEBUG -- :   [1m[35mUser Load (0.1ms)[0m  SELECT  "users".* FROM "users" WHERE "users"."uid" = ? LIMIT 1  [["uid", 144293747]]
D, [2016-03-24T18:22:46.067174 #16133] DEBUG -- :   [1m[36mUser Load (0.1ms)[0m  [1mSELECT  "users".* FROM "users"  ORDER BY "users"."id" ASC LIMIT 1[0m
D, [2016-03-24T18:22:46.201047 #16133] DEBUG -- :   [1m[35m (0.1ms)[0m  begin transaction
D, [2016-03-24T18:22:46.203224 #16133] DEBUG -- :   [1m[36mSQL (0.7ms)[0m  [1mUPDATE "users" SET "state" = ? WHERE "users"."id" = ?[0m  [["state", nil], ["id", 1]]
D, [2016-03-24T18:22:46.204915 #16133] DEBUG -- :   [1m[35m (1.1ms)[0m  commit transaction
D, [2016-03-24T18:24:25.472172 #16258] DEBUG -- :   [1m[36mUser Load (0.2ms)[0m  [1mSELECT  "users".* FROM "users" WHERE "users"."uid" = ? LIMIT 1[0m  [["uid", 144293747]]
D, [2016-03-24T18:24:25.477548 #16258] DEBUG -- :   [1m[35mUser Load (0.1ms)[0m  SELECT  "users".* FROM "users"  ORDER BY "users"."id" ASC LIMIT 1
D, [2016-03-24T18:24:25.994566 #16258] DEBUG -- :   [1m[36m (0.2ms)[0m  [1mbegin transaction[0m
D, [2016-03-24T18:24:26.000459 #16258] DEBUG -- :   [1m[35mSQL (0.8ms)[0m  UPDATE "users" SET "state" = ? WHERE "users"."id" = ?  [["state", "choosing_pizza"], ["id", 1]]
D, [2016-03-24T18:24:26.001828 #16258] DEBUG -- :   [1m[36m (0.8ms)[0m  [1mcommit transaction[0m
D, [2016-03-24T18:24:31.158154 #16258] DEBUG -- :   [1m[35mUser Load (0.2ms)[0m  SELECT  "users".* FROM "users" WHERE "users"."uid" = ? LIMIT 1  [["uid", 144293747]]
D, [2016-03-24T18:24:31.158856 #16258] DEBUG -- :   [1m[36mUser Load (0.2ms)[0m  [1mSELECT  "users".* FROM "users"  ORDER BY "users"."id" ASC LIMIT 1[0m
D, [2016-03-24T18:24:31.313781 #16258] DEBUG -- :   [1m[35m (0.1ms)[0m  begin transaction
D, [2016-03-24T18:24:31.314964 #16258] DEBUG -- :   [1m[36mSQL (0.4ms)[0m  [1mUPDATE "users" SET "state" = ? WHERE "users"."id" = ?[0m  [["state", nil], ["id", 1]]
D, [2016-03-24T18:24:31.315908 #16258] DEBUG -- :   [1m[35m (0.6ms)[0m  commit transaction
D, [2016-03-24T19:46:23.770354 #16828] DEBUG -- :   [1m[36mUser Load (0.2ms)[0m  [1mSELECT  "users".* FROM "users" WHERE "users"."uid" = ? LIMIT 1[0m  [["uid", 26837003]]
D, [2016-03-24T19:46:23.776300 #16828] DEBUG -- :   [1m[35mUser Load (0.1ms)[0m  SELECT  "users".* FROM "users"  ORDER BY "users"."id" ASC LIMIT 1
D, [2016-03-24T19:46:36.602400 #16828] DEBUG -- :   [1m[36mUser Load (0.1ms)[0m  [1mSELECT  "users".* FROM "users" WHERE "users"."uid" = ? LIMIT 1[0m  [["uid", 144293747]]
D, [2016-03-24T19:46:36.602964 #16828] DEBUG -- :   [1m[35mUser Load (0.1ms)[0m  SELECT  "users".* FROM "users"  ORDER BY "users"."id" ASC LIMIT 1
D, [2016-03-24T19:46:37.913768 #16828] DEBUG -- :   [1m[36m (0.2ms)[0m  [1mbegin transaction[0m
D, [2016-03-24T19:46:37.920927 #16828] DEBUG -- :   [1m[35mSQL (0.5ms)[0m  UPDATE "users" SET "state" = ? WHERE "users"."id" = ?  [["state", "choosing_pizza"], ["id", 1]]
D, [2016-03-24T19:46:37.922299 #16828] DEBUG -- :   [1m[36m (1.0ms)[0m  [1mcommit transaction[0m
D, [2016-03-24T19:46:45.212861 #16828] DEBUG -- :   [1m[35mUser Load (0.2ms)[0m  SELECT  "users".* FROM "users" WHERE "users"."uid" = ? LIMIT 1  [["uid", 144293747]]
D, [2016-03-24T19:46:45.213580 #16828] DEBUG -- :   [1m[36mUser Load (0.2ms)[0m  [1mSELECT  "users".* FROM "users"  ORDER BY "users"."id" ASC LIMIT 1[0m
D, [2016-03-24T19:46:45.408298 #16828] DEBUG -- :   [1m[35m (0.2ms)[0m  begin transaction
D, [2016-03-24T19:46:45.410206 #16828] DEBUG -- :   [1m[36mSQL (0.4ms)[0m  [1mUPDATE "users" SET "state" = ? WHERE "users"."id" = ?[0m  [["state", nil], ["id", 1]]
D, [2016-03-24T19:46:45.411024 #16828] DEBUG -- :   [1m[35m (0.5ms)[0m  commit transaction
D, [2016-03-24T19:52:19.589318 #16828] DEBUG -- :   [1m[36mUser Load (0.1ms)[0m  [1mSELECT  "users".* FROM "users" WHERE "users"."uid" = ? LIMIT 1[0m  [["uid", 144293747]]
D, [2016-03-24T19:52:19.590044 #16828] DEBUG -- :   [1m[35mUser Load (0.1ms)[0m  SELECT  "users".* FROM "users"  ORDER BY "users"."id" ASC LIMIT 1
D, [2016-03-24T22:03:11.117452 #16828] DEBUG -- :   [1m[36mUser Load (0.2ms)[0m  [1mSELECT  "users".* FROM "users" WHERE "users"."uid" = ? LIMIT 1[0m  [["uid", 26837003]]
D, [2016-03-24T22:03:11.118305 #16828] DEBUG -- :   [1m[35mUser Load (0.2ms)[0m  SELECT  "users".* FROM "users"  ORDER BY "users"."id" ASC LIMIT 1
D, [2016-03-24T22:03:14.603169 #16828] DEBUG -- :   [1m[36m (0.1ms)[0m  [1mbegin transaction[0m
D, [2016-03-24T22:03:14.604409 #16828] DEBUG -- :   [1m[35mSQL (0.3ms)[0m  UPDATE "users" SET "state" = ? WHERE "users"."id" = ?  [["state", "choosing_pizza"], ["id", 2]]
D, [2016-03-24T22:03:14.605424 #16828] DEBUG -- :   [1m[36m (0.7ms)[0m  [1mcommit transaction[0m
D, [2016-03-24T22:03:28.919095 #16828] DEBUG -- :   [1m[35mUser Load (0.2ms)[0m  SELECT  "users".* FROM "users" WHERE "users"."uid" = ? LIMIT 1  [["uid", 144293747]]
D, [2016-03-24T22:03:28.919836 #16828] DEBUG -- :   [1m[36mUser Load (0.2ms)[0m  [1mSELECT  "users".* FROM "users"  ORDER BY "users"."id" ASC LIMIT 1[0m
D, [2016-03-24T22:03:30.812914 #16828] DEBUG -- :   [1m[35m (0.1ms)[0m  begin transaction
D, [2016-03-24T22:03:30.814076 #16828] DEBUG -- :   [1m[36mSQL (0.3ms)[0m  [1mUPDATE "users" SET "state" = ? WHERE "users"."id" = ?[0m  [["state", "choosing_pizza"], ["id", 1]]
D, [2016-03-24T22:03:30.814762 #16828] DEBUG -- :   [1m[35m (0.5ms)[0m  commit transaction
D, [2016-03-24T22:04:02.072881 #16828] DEBUG -- :   [1m[36mUser Load (0.2ms)[0m  [1mSELECT  "users".* FROM "users" WHERE "users"."uid" = ? LIMIT 1[0m  [["uid", 144293747]]
D, [2016-03-24T22:04:02.073457 #16828] DEBUG -- :   [1m[35mUser Load (0.2ms)[0m  SELECT  "users".* FROM "users"  ORDER BY "users"."id" ASC LIMIT 1
D, [2016-03-24T22:04:02.260196 #16828] DEBUG -- :   [1m[36m (0.1ms)[0m  [1mbegin transaction[0m
D, [2016-03-24T22:04:02.261341 #16828] DEBUG -- :   [1m[35mSQL (0.3ms)[0m  UPDATE "users" SET "state" = ? WHERE "users"."id" = ?  [["state", nil], ["id", 1]]
D, [2016-03-24T22:04:02.262148 #16828] DEBUG -- :   [1m[36m (0.6ms)[0m  [1mcommit transaction[0m
D, [2016-03-24T22:11:35.309816 #16828] DEBUG -- :   [1m[35mUser Load (0.2ms)[0m  SELECT  "users".* FROM "users" WHERE "users"."uid" = ? LIMIT 1  [["uid", 26837003]]
D, [2016-03-24T22:11:35.310549 #16828] DEBUG -- :   [1m[36mUser Load (0.1ms)[0m  [1mSELECT  "users".* FROM "users"  ORDER BY "users"."id" ASC LIMIT 1[0m
D, [2016-03-24T22:11:35.477302 #16828] DEBUG -- :   [1m[35m (0.1ms)[0m  begin transaction
D, [2016-03-24T22:11:35.478749 #16828] DEBUG -- :   [1m[36mSQL (0.4ms)[0m  [1mUPDATE "users" SET "state" = ? WHERE "users"."id" = ?[0m  [["state", nil], ["id", 2]]
D, [2016-03-24T22:11:35.480253 #16828] DEBUG -- :   [1m[35m (1.1ms)[0m  commit transaction
D, [2016-03-24T22:12:55.320088 #16828] DEBUG -- :   [1m[36mUser Load (0.2ms)[0m  [1mSELECT  "users".* FROM "users" WHERE "users"."uid" = ? LIMIT 1[0m  [["uid", 26837003]]
D, [2016-03-24T22:12:55.320862 #16828] DEBUG -- :   [1m[35mUser Load (0.2ms)[0m  SELECT  "users".* FROM "users"  ORDER BY "users"."id" ASC LIMIT 1
D, [2016-03-24T22:12:56.168223 #16828] DEBUG -- :   [1m[36m (0.2ms)[0m  [1mbegin transaction[0m
D, [2016-03-24T22:12:56.170136 #16828] DEBUG -- :   [1m[35mSQL (0.4ms)[0m  UPDATE "users" SET "state" = ? WHERE "users"."id" = ?  [["state", "choosing_pizza"], ["id", 2]]
D, [2016-03-24T22:12:56.171274 #16828] DEBUG -- :   [1m[36m (0.8ms)[0m  [1mcommit transaction[0m
D, [2016-03-24T22:14:42.293142 #17103] DEBUG -- :   [1m[36mUser Load (0.2ms)[0m  [1mSELECT  "users".* FROM "users" WHERE "users"."uid" = ? LIMIT 1[0m  [["uid", 144293747]]
D, [2016-03-24T22:14:42.300360 #17103] DEBUG -- :   [1m[35mUser Load (0.2ms)[0m  SELECT  "users".* FROM "users"  ORDER BY "users"."id" ASC LIMIT 1
D, [2016-03-24T22:14:43.133559 #17103] DEBUG -- :   [1m[36m (0.1ms)[0m  [1mbegin transaction[0m
D, [2016-03-24T22:14:43.140399 #17103] DEBUG -- :   [1m[35mSQL (0.6ms)[0m  UPDATE "users" SET "state" = ? WHERE "users"."id" = ?  [["state", "choosing_pizza"], ["id", 1]]
D, [2016-03-24T22:14:43.141754 #17103] DEBUG -- :   [1m[36m (0.9ms)[0m  [1mcommit transaction[0m
D, [2016-03-24T22:14:45.803226 #17103] DEBUG -- :   [1m[35mUser Load (0.1ms)[0m  SELECT  "users".* FROM "users" WHERE "users"."uid" = ? LIMIT 1  [["uid", 144293747]]
D, [2016-03-24T22:14:45.803706 #17103] DEBUG -- :   [1m[36mUser Load (0.1ms)[0m  [1mSELECT  "users".* FROM "users"  ORDER BY "users"."id" ASC LIMIT 1[0m
D, [2016-03-24T22:14:45.970125 #17103] DEBUG -- :   [1m[35m (0.1ms)[0m  begin transaction
D, [2016-03-24T22:14:45.971414 #17103] DEBUG -- :   [1m[36mSQL (0.4ms)[0m  [1mUPDATE "users" SET "state" = ? WHERE "users"."id" = ?[0m  [["state", nil], ["id", 1]]
D, [2016-03-24T22:14:45.972431 #17103] DEBUG -- :   [1m[35m (0.7ms)[0m  commit transaction
D, [2016-03-24T22:15:04.987895 #17103] DEBUG -- :   [1m[36mUser Load (0.2ms)[0m  [1mSELECT  "users".* FROM "users" WHERE "users"."uid" = ? LIMIT 1[0m  [["uid", 144293747]]
D, [2016-03-24T22:15:04.988498 #17103] DEBUG -- :   [1m[35mUser Load (0.2ms)[0m  SELECT  "users".* FROM "users"  ORDER BY "users"."id" ASC LIMIT 1
D, [2016-03-24T22:15:06.758024 #17103] DEBUG -- :   [1m[36mUser Load (0.2ms)[0m  [1mSELECT  "users".* FROM "users" WHERE "users"."uid" = ? LIMIT 1[0m  [["uid", 26837003]]
D, [2016-03-24T22:15:06.758816 #17103] DEBUG -- :   [1m[35mUser Load (0.2ms)[0m  SELECT  "users".* FROM "users"  ORDER BY "users"."id" ASC LIMIT 1
D, [2016-03-24T22:15:06.939774 #17103] DEBUG -- :   [1m[36m (0.1ms)[0m  [1mbegin transaction[0m
D, [2016-03-24T22:15:06.941530 #17103] DEBUG -- :   [1m[35mSQL (0.7ms)[0m  UPDATE "users" SET "state" = ? WHERE "users"."id" = ?  [["state", nil], ["id", 2]]
D, [2016-03-24T22:15:06.942478 #17103] DEBUG -- :   [1m[36m (0.7ms)[0m  [1mcommit transaction[0m
D, [2016-03-24T22:15:11.763825 #17103] DEBUG -- :   [1m[35mUser Load (0.3ms)[0m  SELECT  "users".* FROM "users" WHERE "users"."uid" = ? LIMIT 1  [["uid", 26837003]]
D, [2016-03-24T22:15:11.764614 #17103] DEBUG -- :   [1m[36mUser Load (0.2ms)[0m  [1mSELECT  "users".* FROM "users"  ORDER BY "users"."id" ASC LIMIT 1[0m
D, [2016-03-24T22:15:12.540693 #17103] DEBUG -- :   [1m[35m (0.1ms)[0m  begin transaction
D, [2016-03-24T22:15:12.542444 #17103] DEBUG -- :   [1m[36mSQL (0.5ms)[0m  [1mUPDATE "users" SET "state" = ? WHERE "users"."id" = ?[0m  [["state", "choosing_pizza"], ["id", 2]]
D, [2016-03-24T22:15:12.543575 #17103] DEBUG -- :   [1m[35m (0.8ms)[0m  commit transaction
D, [2016-03-24T22:20:06.216419 #17103] DEBUG -- :   [1m[36mUser Load (0.2ms)[0m  [1mSELECT  "users".* FROM "users" WHERE "users"."uid" = ? LIMIT 1[0m  [["uid", 144293747]]
D, [2016-03-24T22:20:06.217259 #17103] DEBUG -- :   [1m[35mUser Load (0.2ms)[0m  SELECT  "users".* FROM "users"  ORDER BY "users"."id" ASC LIMIT 1
D, [2016-03-24T22:20:07.080457 #17103] DEBUG -- :   [1m[36m (0.1ms)[0m  [1mbegin transaction[0m
D, [2016-03-24T22:20:07.082176 #17103] DEBUG -- :   [1m[35mSQL (0.5ms)[0m  UPDATE "users" SET "state" = ? WHERE "users"."id" = ?  [["state", "choosing_pizza"], ["id", 1]]
D, [2016-03-24T22:20:07.083321 #17103] DEBUG -- :   [1m[36m (0.9ms)[0m  [1mcommit transaction[0m
D, [2016-03-24T22:20:09.712128 #17103] DEBUG -- :   [1m[35mUser Load (0.1ms)[0m  SELECT  "users".* FROM "users" WHERE "users"."uid" = ? LIMIT 1  [["uid", 144293747]]
D, [2016-03-24T22:20:09.712699 #17103] DEBUG -- :   [1m[36mUser Load (0.1ms)[0m  [1mSELECT  "users".* FROM "users"  ORDER BY "users"."id" ASC LIMIT 1[0m
D, [2016-03-24T22:20:09.885666 #17103] DEBUG -- :   [1m[35m (0.2ms)[0m  begin transaction
D, [2016-03-24T22:20:09.887826 #17103] DEBUG -- :   [1m[36mSQL (0.5ms)[0m  [1mUPDATE "users" SET "state" = ? WHERE "users"."id" = ?[0m  [["state", nil], ["id", 1]]
D, [2016-03-24T22:20:09.889522 #17103] DEBUG -- :   [1m[35m (1.0ms)[0m  commit transaction
D, [2016-03-24T22:27:09.816949 #17181] DEBUG -- :   [1m[36mUser Load (0.3ms)[0m  [1mSELECT  "users".* FROM "users" WHERE "users"."uid" = ? LIMIT 1[0m  [["uid", 144293747]]
D, [2016-03-24T22:27:09.824564 #17181] DEBUG -- :   [1m[35mUser Load (0.3ms)[0m  SELECT  "users".* FROM "users"  ORDER BY "users"."id" ASC LIMIT 1
D, [2016-03-24T22:27:10.296011 #17181] DEBUG -- :   [1m[36m (0.2ms)[0m  [1mbegin transaction[0m
D, [2016-03-24T22:27:10.303606 #17181] DEBUG -- :   [1m[35mSQL (0.7ms)[0m  UPDATE "users" SET "state" = ? WHERE "users"."id" = ?  [["state", "choosing_pizza"], ["id", 1]]
D, [2016-03-24T22:27:10.305251 #17181] DEBUG -- :   [1m[36m (1.1ms)[0m  [1mcommit transaction[0m
D, [2016-03-24T22:27:14.076235 #17181] DEBUG -- :   [1m[35mUser Load (0.2ms)[0m  SELECT  "users".* FROM "users" WHERE "users"."uid" = ? LIMIT 1  [["uid", 144293747]]
D, [2016-03-24T22:27:14.076908 #17181] DEBUG -- :   [1m[36mUser Load (0.2ms)[0m  [1mSELECT  "users".* FROM "users"  ORDER BY "users"."id" ASC LIMIT 1[0m
D, [2016-03-24T22:27:14.241548 #17181] DEBUG -- :   [1m[35m (0.3ms)[0m  begin transaction
D, [2016-03-24T22:27:14.243332 #17181] DEBUG -- :   [1m[36mSQL (0.4ms)[0m  [1mUPDATE "users" SET "state" = ? WHERE "users"."id" = ?[0m  [["state", nil], ["id", 1]]
D, [2016-03-24T22:27:14.244737 #17181] DEBUG -- :   [1m[35m (0.8ms)[0m  commit transaction
D, [2016-03-24T22:36:27.647913 #17181] DEBUG -- :   [1m[36mUser Load (0.2ms)[0m  [1mSELECT  "users".* FROM "users" WHERE "users"."uid" = ? LIMIT 1[0m  [["uid", 144293747]]
D, [2016-03-24T22:36:27.648728 #17181] DEBUG -- :   [1m[35mUser Load (0.1ms)[0m  SELECT  "users".* FROM "users"  ORDER BY "users"."id" ASC LIMIT 1
D, [2016-03-24T22:36:28.471317 #17181] DEBUG -- :   [1m[36m (0.1ms)[0m  [1mbegin transaction[0m
D, [2016-03-24T22:36:28.473280 #17181] DEBUG -- :   [1m[35mSQL (0.5ms)[0m  UPDATE "users" SET "state" = ? WHERE "users"."id" = ?  [["state", "choosing_pizza"], ["id", 1]]
D, [2016-03-24T22:36:28.474603 #17181] DEBUG -- :   [1m[36m (1.0ms)[0m  [1mcommit transaction[0m
D, [2016-03-24T22:42:12.750314 #17297] DEBUG -- :   [1m[36mUser Load (0.2ms)[0m  [1mSELECT  "users".* FROM "users" WHERE "users"."uid" = ? LIMIT 1[0m  [["uid", 144293747]]
D, [2016-03-24T22:42:12.756330 #17297] DEBUG -- :   [1m[35mUser Load (0.1ms)[0m  SELECT  "users".* FROM "users"  ORDER BY "users"."id" ASC LIMIT 1
D, [2016-03-24T22:42:13.780096 #17297] DEBUG -- :   [1m[36m (0.3ms)[0m  [1mbegin transaction[0m
D, [2016-03-24T22:42:13.786794 #17297] DEBUG -- :   [1m[35mSQL (0.6ms)[0m  UPDATE "users" SET "state" = ? WHERE "users"."id" = ?  [["state", "choosing_meal"], ["id", 1]]
D, [2016-03-24T22:42:13.787774 #17297] DEBUG -- :   [1m[36m (0.6ms)[0m  [1mcommit transaction[0m
D, [2016-03-24T22:42:17.878518 #17297] DEBUG -- :   [1m[35mUser Load (0.2ms)[0m  SELECT  "users".* FROM "users" WHERE "users"."uid" = ? LIMIT 1  [["uid", 144293747]]
D, [2016-03-24T22:42:17.879103 #17297] DEBUG -- :   [1m[36mUser Load (0.1ms)[0m  [1mSELECT  "users".* FROM "users"  ORDER BY "users"."id" ASC LIMIT 1[0m
D, [2016-03-24T22:42:18.091361 #17297] DEBUG -- :   [1m[35m (0.1ms)[0m  begin transaction
D, [2016-03-24T22:42:18.092405 #17297] DEBUG -- :   [1m[36mSQL (0.3ms)[0m  [1mUPDATE "users" SET "state" = ? WHERE "users"."id" = ?[0m  [["state", nil], ["id", 1]]
D, [2016-03-24T22:42:18.093216 #17297] DEBUG -- :   [1m[35m (0.6ms)[0m  commit transaction
D, [2016-03-24T22:42:34.008688 #17297] DEBUG -- :   [1m[36mUser Load (0.1ms)[0m  [1mSELECT  "users".* FROM "users" WHERE "users"."uid" = ? LIMIT 1[0m  [["uid", 144293747]]
D, [2016-03-24T22:42:34.009146 #17297] DEBUG -- :   [1m[35mUser Load (0.1ms)[0m  SELECT  "users".* FROM "users"  ORDER BY "users"."id" ASC LIMIT 1
D, [2016-03-24T22:42:34.892239 #17297] DEBUG -- :   [1m[36m (0.2ms)[0m  [1mbegin transaction[0m
D, [2016-03-24T22:42:34.894582 #17297] DEBUG -- :   [1m[35mSQL (0.6ms)[0m  UPDATE "users" SET "state" = ? WHERE "users"."id" = ?  [["state", "choosing_meal"], ["id", 1]]
D, [2016-03-24T22:42:34.895558 #17297] DEBUG -- :   [1m[36m (0.7ms)[0m  [1mcommit transaction[0m
D, [2016-03-24T22:42:38.617363 #17297] DEBUG -- :   [1m[35mUser Load (0.1ms)[0m  SELECT  "users".* FROM "users" WHERE "users"."uid" = ? LIMIT 1  [["uid", 144293747]]
D, [2016-03-24T22:42:38.618196 #17297] DEBUG -- :   [1m[36mUser Load (0.2ms)[0m  [1mSELECT  "users".* FROM "users"  ORDER BY "users"."id" ASC LIMIT 1[0m
D, [2016-03-24T22:42:38.800336 #17297] DEBUG -- :   [1m[35m (0.1ms)[0m  begin transaction
D, [2016-03-24T22:42:38.801412 #17297] DEBUG -- :   [1m[36mSQL (0.3ms)[0m  [1mUPDATE "users" SET "state" = ? WHERE "users"."id" = ?[0m  [["state", nil], ["id", 1]]
D, [2016-03-24T22:42:38.802590 #17297] DEBUG -- :   [1m[35m (0.9ms)[0m  commit transaction
D, [2016-03-24T22:48:44.728487 #17366] DEBUG -- :   [1m[36mUser Load (0.2ms)[0m  [1mSELECT  "users".* FROM "users" WHERE "users"."uid" = ? LIMIT 1[0m  [["uid", 144293747]]
D, [2016-03-24T22:48:44.736850 #17366] DEBUG -- :   [1m[35mUser Load (0.2ms)[0m  SELECT  "users".* FROM "users"  ORDER BY "users"."id" ASC LIMIT 1
D, [2016-03-24T22:48:45.375271 #17366] DEBUG -- :   [1m[36m (0.2ms)[0m  [1mbegin transaction[0m
D, [2016-03-24T22:48:45.381872 #17366] DEBUG -- :   [1m[35mSQL (0.6ms)[0m  UPDATE "users" SET "state" = ? WHERE "users"."id" = ?  [["state", "choosing_meal"], ["id", 1]]
D, [2016-03-24T22:48:45.382779 #17366] DEBUG -- :   [1m[36m (0.6ms)[0m  [1mcommit transaction[0m
D, [2016-03-24T22:48:47.595256 #17366] DEBUG -- :   [1m[35mUser Load (0.2ms)[0m  SELECT  "users".* FROM "users" WHERE "users"."uid" = ? LIMIT 1  [["uid", 144293747]]
D, [2016-03-24T22:48:47.595942 #17366] DEBUG -- :   [1m[36mUser Load (0.2ms)[0m  [1mSELECT  "users".* FROM "users"  ORDER BY "users"."id" ASC LIMIT 1[0m
D, [2016-03-24T22:48:47.894434 #17366] DEBUG -- :   [1m[35m (0.8ms)[0m  begin transaction
D, [2016-03-24T22:48:47.896979 #17366] DEBUG -- :   [1m[36mSQL (0.6ms)[0m  [1mUPDATE "users" SET "state" = ? WHERE "users"."id" = ?[0m  [["state", nil], ["id", 1]]
D, [2016-03-24T22:48:47.898819 #17366] DEBUG -- :   [1m[35m (1.3ms)[0m  commit transaction
D, [2016-03-24T22:48:54.688439 #17366] DEBUG -- :   [1m[36mUser Load (0.2ms)[0m  [1mSELECT  "users".* FROM "users" WHERE "users"."uid" = ? LIMIT 1[0m  [["uid", 144293747]]
D, [2016-03-24T22:48:54.688931 #17366] DEBUG -- :   [1m[35mUser Load (0.1ms)[0m  SELECT  "users".* FROM "users"  ORDER BY "users"."id" ASC LIMIT 1
D, [2016-03-24T22:48:55.498808 #17366] DEBUG -- :   [1m[36m (0.2ms)[0m  [1mbegin transaction[0m
D, [2016-03-24T22:48:55.500892 #17366] DEBUG -- :   [1m[35mSQL (0.5ms)[0m  UPDATE "users" SET "state" = ? WHERE "users"."id" = ?  [["state", "choosing_meal"], ["id", 1]]
D, [2016-03-24T22:48:55.501983 #17366] DEBUG -- :   [1m[36m (0.8ms)[0m  [1mcommit transaction[0m
D, [2016-03-24T22:48:58.261120 #17366] DEBUG -- :   [1m[35mUser Load (0.2ms)[0m  SELECT  "users".* FROM "users" WHERE "users"."uid" = ? LIMIT 1  [["uid", 144293747]]
D, [2016-03-24T22:48:58.261975 #17366] DEBUG -- :   [1m[36mUser Load (0.2ms)[0m  [1mSELECT  "users".* FROM "users"  ORDER BY "users"."id" ASC LIMIT 1[0m
D, [2016-03-24T22:48:58.519622 #17366] DEBUG -- :   [1m[35m (0.1ms)[0m  begin transaction
D, [2016-03-24T22:48:58.521638 #17366] DEBUG -- :   [1m[36mSQL (0.4ms)[0m  [1mUPDATE "users" SET "state" = ? WHERE "users"."id" = ?[0m  [["state", nil], ["id", 1]]
D, [2016-03-24T22:48:58.522764 #17366] DEBUG -- :   [1m[35m (0.8ms)[0m  commit transaction
D, [2016-03-24T22:49:05.856790 #17366] DEBUG -- :   [1m[36mUser Load (0.1ms)[0m  [1mSELECT  "users".* FROM "users" WHERE "users"."uid" = ? LIMIT 1[0m  [["uid", 144293747]]
D, [2016-03-24T22:49:05.857279 #17366] DEBUG -- :   [1m[35mUser Load (0.1ms)[0m  SELECT  "users".* FROM "users"  ORDER BY "users"."id" ASC LIMIT 1
D, [2016-03-24T22:49:06.383441 #17366] DEBUG -- :   [1m[36m (0.2ms)[0m  [1mbegin transaction[0m
D, [2016-03-24T22:49:06.385488 #17366] DEBUG -- :   [1m[35mSQL (0.6ms)[0m  UPDATE "users" SET "state" = ? WHERE "users"."id" = ?  [["state", "choosing_meal"], ["id", 1]]
D, [2016-03-24T22:49:06.386617 #17366] DEBUG -- :   [1m[36m (0.8ms)[0m  [1mcommit transaction[0m
D, [2016-03-24T22:49:56.472471 #17390] DEBUG -- :   [1m[36mUser Load (0.2ms)[0m  [1mSELECT  "users".* FROM "users" WHERE "users"."uid" = ? LIMIT 1[0m  [["uid", 144293747]]
D, [2016-03-24T22:49:56.478490 #17390] DEBUG -- :   [1m[35mUser Load (0.1ms)[0m  SELECT  "users".* FROM "users"  ORDER BY "users"."id" ASC LIMIT 1
D, [2016-03-24T22:49:56.649756 #17390] DEBUG -- :   [1m[36m (0.1ms)[0m  [1mbegin transaction[0m
D, [2016-03-24T22:49:56.654640 #17390] DEBUG -- :   [1m[35mSQL (1.0ms)[0m  UPDATE "users" SET "state" = ? WHERE "users"."id" = ?  [["state", nil], ["id", 1]]
D, [2016-03-24T22:49:56.656579 #17390] DEBUG -- :   [1m[36m (1.2ms)[0m  [1mcommit transaction[0m
D, [2016-03-24T22:49:59.550510 #17390] DEBUG -- :   [1m[35mUser Load (0.1ms)[0m  SELECT  "users".* FROM "users" WHERE "users"."uid" = ? LIMIT 1  [["uid", 144293747]]
D, [2016-03-24T22:49:59.551000 #17390] DEBUG -- :   [1m[36mUser Load (0.1ms)[0m  [1mSELECT  "users".* FROM "users"  ORDER BY "users"."id" ASC LIMIT 1[0m
D, [2016-03-24T22:50:00.104853 #17390] DEBUG -- :   [1m[35m (0.1ms)[0m  begin transaction
D, [2016-03-24T22:50:00.106646 #17390] DEBUG -- :   [1m[36mSQL (0.5ms)[0m  [1mUPDATE "users" SET "state" = ? WHERE "users"."id" = ?[0m  [["state", "choosing_meal"], ["id", 1]]
D, [2016-03-24T22:50:00.107774 #17390] DEBUG -- :   [1m[35m (0.8ms)[0m  commit transaction
D, [2016-03-24T22:50:03.192584 #17390] DEBUG -- :   [1m[36mUser Load (0.3ms)[0m  [1mSELECT  "users".* FROM "users" WHERE "users"."uid" = ? LIMIT 1[0m  [["uid", 144293747]]
D, [2016-03-24T22:50:03.193457 #17390] DEBUG -- :   [1m[35mUser Load (0.2ms)[0m  SELECT  "users".* FROM "users"  ORDER BY "users"."id" ASC LIMIT 1
D, [2016-03-24T22:50:03.392111 #17390] DEBUG -- :   [1m[36m (0.1ms)[0m  [1mbegin transaction[0m
D, [2016-03-24T22:50:03.393134 #17390] DEBUG -- :   [1m[35mSQL (0.3ms)[0m  UPDATE "users" SET "state" = ? WHERE "users"."id" = ?  [["state", nil], ["id", 1]]
D, [2016-03-24T22:50:03.393793 #17390] DEBUG -- :   [1m[36m (0.5ms)[0m  [1mcommit transaction[0m
D, [2016-03-24T22:55:22.049697 #17441] DEBUG -- :   [1m[36mUser Load (0.2ms)[0m  [1mSELECT  "users".* FROM "users" WHERE "users"."uid" = ? LIMIT 1[0m  [["uid", 144293747]]
D, [2016-03-24T22:55:22.056291 #17441] DEBUG -- :   [1m[35mUser Load (0.2ms)[0m  SELECT  "users".* FROM "users"  ORDER BY "users"."id" ASC LIMIT 1
D, [2016-03-24T22:55:22.717645 #17441] DEBUG -- :   [1m[36m (0.2ms)[0m  [1mbegin transaction[0m
D, [2016-03-24T22:55:22.723800 #17441] DEBUG -- :   [1m[35mSQL (0.7ms)[0m  UPDATE "users" SET "state" = ? WHERE "users"."id" = ?  [["state", "choosing_meal"], ["id", 1]]
D, [2016-03-24T22:55:22.724926 #17441] DEBUG -- :   [1m[36m (0.7ms)[0m  [1mcommit transaction[0m
D, [2016-03-24T23:01:15.981140 #17492] DEBUG -- :   [1m[36mUser Load (0.2ms)[0m  [1mSELECT  "users".* FROM "users" WHERE "users"."uid" = ? LIMIT 1[0m  [["uid", 144293747]]
D, [2016-03-24T23:01:15.987066 #17492] DEBUG -- :   [1m[35mUser Load (0.2ms)[0m  SELECT  "users".* FROM "users"  ORDER BY "users"."id" ASC LIMIT 1
D, [2016-03-24T23:01:16.193203 #17492] DEBUG -- :   [1m[36m (0.2ms)[0m  [1mbegin transaction[0m
D, [2016-03-24T23:01:16.201065 #17492] DEBUG -- :   [1m[35mSQL (0.8ms)[0m  UPDATE "users" SET "state" = ? WHERE "users"."id" = ?  [["state", nil], ["id", 1]]
D, [2016-03-24T23:01:16.202323 #17492] DEBUG -- :   [1m[36m (0.6ms)[0m  [1mcommit transaction[0m
D, [2016-03-24T23:01:19.441698 #17492] DEBUG -- :   [1m[35mUser Load (0.1ms)[0m  SELECT  "users".* FROM "users" WHERE "users"."uid" = ? LIMIT 1  [["uid", 144293747]]
D, [2016-03-24T23:01:19.442207 #17492] DEBUG -- :   [1m[36mUser Load (0.1ms)[0m  [1mSELECT  "users".* FROM "users"  ORDER BY "users"."id" ASC LIMIT 1[0m
D, [2016-03-24T23:01:20.208149 #17492] DEBUG -- :   [1m[35m (0.2ms)[0m  begin transaction
D, [2016-03-24T23:01:20.210135 #17492] DEBUG -- :   [1m[36mSQL (0.6ms)[0m  [1mUPDATE "users" SET "state" = ? WHERE "users"."id" = ?[0m  [["state", "choosing_meal"], ["id", 1]]
D, [2016-03-24T23:01:20.211389 #17492] DEBUG -- :   [1m[35m (0.9ms)[0m  commit transaction
D, [2016-03-24T23:02:16.566293 #17514] DEBUG -- :   [1m[36mUser Load (0.3ms)[0m  [1mSELECT  "users".* FROM "users" WHERE "users"."uid" = ? LIMIT 1[0m  [["uid", 144293747]]
D, [2016-03-24T23:02:16.574610 #17514] DEBUG -- :   [1m[35mUser Load (0.2ms)[0m  SELECT  "users".* FROM "users"  ORDER BY "users"."id" ASC LIMIT 1
D, [2016-03-24T23:02:16.761531 #17514] DEBUG -- :   [1m[36m (0.1ms)[0m  [1mbegin transaction[0m
D, [2016-03-24T23:02:16.765088 #17514] DEBUG -- :   [1m[35mSQL (0.4ms)[0m  UPDATE "users" SET "state" = ? WHERE "users"."id" = ?  [["state", nil], ["id", 1]]
D, [2016-03-24T23:02:16.765871 #17514] DEBUG -- :   [1m[36m (0.5ms)[0m  [1mcommit transaction[0m
D, [2016-03-24T23:02:20.617430 #17514] DEBUG -- :   [1m[35mUser Load (0.1ms)[0m  SELECT  "users".* FROM "users" WHERE "users"."uid" = ? LIMIT 1  [["uid", 144293747]]
D, [2016-03-24T23:02:20.617935 #17514] DEBUG -- :   [1m[36mUser Load (0.1ms)[0m  [1mSELECT  "users".* FROM "users"  ORDER BY "users"."id" ASC LIMIT 1[0m
D, [2016-03-24T23:02:21.451021 #17514] DEBUG -- :   [1m[35m (0.1ms)[0m  begin transaction
D, [2016-03-24T23:02:21.452393 #17514] DEBUG -- :   [1m[36mSQL (0.3ms)[0m  [1mUPDATE "users" SET "state" = ? WHERE "users"."id" = ?[0m  [["state", "choosing_meal"], ["id", 1]]
D, [2016-03-24T23:02:21.453349 #17514] DEBUG -- :   [1m[35m (0.7ms)[0m  commit transaction
D, [2016-03-24T23:03:38.463779 #17514] DEBUG -- :   [1m[36mUser Load (0.2ms)[0m  [1mSELECT  "users".* FROM "users" WHERE "users"."uid" = ? LIMIT 1[0m  [["uid", 144293747]]
D, [2016-03-24T23:03:38.464542 #17514] DEBUG -- :   [1m[35mUser Load (0.2ms)[0m  SELECT  "users".* FROM "users"  ORDER BY "users"."id" ASC LIMIT 1
D, [2016-03-24T23:03:38.650337 #17514] DEBUG -- :   [1m[36m (0.2ms)[0m  [1mbegin transaction[0m
D, [2016-03-24T23:03:38.651788 #17514] DEBUG -- :   [1m[35mSQL (0.4ms)[0m  UPDATE "users" SET "state" = ? WHERE "users"."id" = ?  [["state", nil], ["id", 1]]
D, [2016-03-24T23:03:38.652706 #17514] DEBUG -- :   [1m[36m (0.6ms)[0m  [1mcommit transaction[0m
D, [2016-03-24T23:07:24.200153 #17560] DEBUG -- :   [1m[36mUser Load (0.4ms)[0m  [1mSELECT  "users".* FROM "users" WHERE "users"."uid" = ? LIMIT 1[0m  [["uid", 144293747]]
D, [2016-03-24T23:07:24.208475 #17560] DEBUG -- :   [1m[35mUser Load (0.2ms)[0m  SELECT  "users".* FROM "users"  ORDER BY "users"."id" ASC LIMIT 1
D, [2016-03-24T23:07:25.267615 #17560] DEBUG -- :   [1m[36m (0.2ms)[0m  [1mbegin transaction[0m
D, [2016-03-24T23:07:25.273960 #17560] DEBUG -- :   [1m[35mSQL (0.7ms)[0m  UPDATE "users" SET "state" = ? WHERE "users"."id" = ?  [["state", "choosing_meal"], ["id", 1]]
D, [2016-03-24T23:07:25.275674 #17560] DEBUG -- :   [1m[36m (1.2ms)[0m  [1mcommit transaction[0m
D, [2016-03-24T23:08:14.443300 #17560] DEBUG -- :   [1m[35mUser Load (0.2ms)[0m  SELECT  "users".* FROM "users" WHERE "users"."uid" = ? LIMIT 1  [["uid", 144293747]]
D, [2016-03-24T23:08:14.443843 #17560] DEBUG -- :   [1m[36mUser Load (0.1ms)[0m  [1mSELECT  "users".* FROM "users"  ORDER BY "users"."id" ASC LIMIT 1[0m
D, [2016-03-24T23:08:14.715516 #17560] DEBUG -- :   [1m[35m (0.1ms)[0m  begin transaction
D, [2016-03-24T23:08:14.716727 #17560] DEBUG -- :   [1m[36mSQL (0.3ms)[0m  [1mUPDATE "users" SET "state" = ? WHERE "users"."id" = ?[0m  [["state", nil], ["id", 1]]
D, [2016-03-24T23:08:14.717658 #17560] DEBUG -- :   [1m[35m (0.6ms)[0m  commit transaction
D, [2016-03-24T23:08:33.988793 #17560] DEBUG -- :   [1m[36mUser Load (0.2ms)[0m  [1mSELECT  "users".* FROM "users" WHERE "users"."uid" = ? LIMIT 1[0m  [["uid", 144293747]]
D, [2016-03-24T23:08:33.989568 #17560] DEBUG -- :   [1m[35mUser Load (0.2ms)[0m  SELECT  "users".* FROM "users"  ORDER BY "users"."id" ASC LIMIT 1
D, [2016-03-24T23:08:34.771129 #17560] DEBUG -- :   [1m[36m (0.2ms)[0m  [1mbegin transaction[0m
D, [2016-03-24T23:08:34.773247 #17560] DEBUG -- :   [1m[35mSQL (0.5ms)[0m  UPDATE "users" SET "state" = ? WHERE "users"."id" = ?  [["state", "choosing_meal"], ["id", 1]]
D, [2016-03-24T23:08:34.774669 #17560] DEBUG -- :   [1m[36m (1.0ms)[0m  [1mcommit transaction[0m
D, [2016-03-24T23:08:59.141410 #17560] DEBUG -- :   [1m[35mUser Load (0.2ms)[0m  SELECT  "users".* FROM "users" WHERE "users"."uid" = ? LIMIT 1  [["uid", 144293747]]
D, [2016-03-24T23:08:59.142064 #17560] DEBUG -- :   [1m[36mUser Load (0.2ms)[0m  [1mSELECT  "users".* FROM "users"  ORDER BY "users"."id" ASC LIMIT 1[0m
D, [2016-03-24T23:08:59.317545 #17560] DEBUG -- :   [1m[35m (0.1ms)[0m  begin transaction
D, [2016-03-24T23:08:59.319128 #17560] DEBUG -- :   [1m[36mSQL (0.4ms)[0m  [1mUPDATE "users" SET "state" = ? WHERE "users"."id" = ?[0m  [["state", nil], ["id", 1]]
D, [2016-03-24T23:08:59.320158 #17560] DEBUG -- :   [1m[35m (0.6ms)[0m  commit transaction
D, [2016-03-24T23:10:07.663367 #17560] DEBUG -- :   [1m[36mUser Load (0.2ms)[0m  [1mSELECT  "users".* FROM "users" WHERE "users"."uid" = ? LIMIT 1[0m  [["uid", 144293747]]
D, [2016-03-24T23:10:07.664103 #17560] DEBUG -- :   [1m[35mUser Load (0.2ms)[0m  SELECT  "users".* FROM "users"  ORDER BY "users"."id" ASC LIMIT 1
D, [2016-03-24T23:10:13.773542 #17560] DEBUG -- :   [1m[36mUser Load (0.1ms)[0m  [1mSELECT  "users".* FROM "users" WHERE "users"."uid" = ? LIMIT 1[0m  [["uid", 144293747]]
D, [2016-03-24T23:10:13.774039 #17560] DEBUG -- :   [1m[35mUser Load (0.1ms)[0m  SELECT  "users".* FROM "users"  ORDER BY "users"."id" ASC LIMIT 1
D, [2016-03-25T09:44:21.366493 #18242] DEBUG -- :   [1m[36mUser Load (0.5ms)[0m  [1mSELECT  "users".* FROM "users" WHERE "users"."uid" = ? LIMIT 1[0m  [["uid", 144293747]]
D, [2016-03-25T09:44:21.373426 #18242] DEBUG -- :   [1m[35mUser Load (0.2ms)[0m  SELECT  "users".* FROM "users"  ORDER BY "users"."id" ASC LIMIT 1
D, [2016-03-25T09:44:22.303211 #18242] DEBUG -- :   [1m[36m (0.2ms)[0m  [1mbegin transaction[0m
D, [2016-03-25T09:44:22.310341 #18242] DEBUG -- :   [1m[35mSQL (0.6ms)[0m  UPDATE "users" SET "state" = ? WHERE "users"."id" = ?  [["state", "choosing_meal"], ["id", 1]]
D, [2016-03-25T09:44:22.311859 #18242] DEBUG -- :   [1m[36m (1.0ms)[0m  [1mcommit transaction[0m
D, [2016-03-25T09:44:39.744573 #18242] DEBUG -- :   [1m[35mUser Load (0.1ms)[0m  SELECT  "users".* FROM "users" WHERE "users"."uid" = ? LIMIT 1  [["uid", 144293747]]
D, [2016-03-25T09:44:39.745067 #18242] DEBUG -- :   [1m[36mUser Load (0.1ms)[0m  [1mSELECT  "users".* FROM "users"  ORDER BY "users"."id" ASC LIMIT 1[0m
D, [2016-03-25T09:45:56.225962 #18314] DEBUG -- :   [1m[36mUser Load (0.2ms)[0m  [1mSELECT  "users".* FROM "users" WHERE "users"."uid" = ? LIMIT 1[0m  [["uid", 144293747]]
D, [2016-03-25T09:45:56.231402 #18314] DEBUG -- :   [1m[35mUser Load (0.1ms)[0m  SELECT  "users".* FROM "users"  ORDER BY "users"."id" ASC LIMIT 1
D, [2016-03-25T09:50:15.477396 #18369] DEBUG -- :   [1m[36mUser Load (0.2ms)[0m  [1mSELECT  "users".* FROM "users" WHERE "users"."uid" = ? LIMIT 1[0m  [["uid", 144293747]]
D, [2016-03-25T09:50:15.482343 #18369] DEBUG -- :   [1m[35mUser Load (0.1ms)[0m  SELECT  "users".* FROM "users"  ORDER BY "users"."id" ASC LIMIT 1
D, [2016-03-25T09:50:50.269042 #18390] DEBUG -- :   [1m[36mUser Load (0.2ms)[0m  [1mSELECT  "users".* FROM "users" WHERE "users"."uid" = ? LIMIT 1[0m  [["uid", 144293747]]
D, [2016-03-25T09:50:50.274122 #18390] DEBUG -- :   [1m[35mUser Load (0.1ms)[0m  SELECT  "users".* FROM "users"  ORDER BY "users"."id" ASC LIMIT 1
D, [2016-03-25T09:50:50.464780 #18390] DEBUG -- :   [1m[36m (0.3ms)[0m  [1mbegin transaction[0m
D, [2016-03-25T09:50:50.472207 #18390] DEBUG -- :   [1m[35mSQL (0.5ms)[0m  UPDATE "users" SET "state" = ? WHERE "users"."id" = ?  [["state", nil], ["id", 1]]
D, [2016-03-25T09:50:50.473287 #18390] DEBUG -- :   [1m[36m (0.6ms)[0m  [1mcommit transaction[0m
D, [2016-03-25T09:51:05.291649 #18390] DEBUG -- :   [1m[35mUser Load (0.2ms)[0m  SELECT  "users".* FROM "users" WHERE "users"."uid" = ? LIMIT 1  [["uid", 144293747]]
D, [2016-03-25T09:51:05.292376 #18390] DEBUG -- :   [1m[36mUser Load (0.1ms)[0m  [1mSELECT  "users".* FROM "users"  ORDER BY "users"."id" ASC LIMIT 1[0m
D, [2016-03-25T09:51:05.737760 #18390] DEBUG -- :   [1m[35m (0.2ms)[0m  begin transaction
D, [2016-03-25T09:51:05.740200 #18390] DEBUG -- :   [1m[36mSQL (0.8ms)[0m  [1mUPDATE "users" SET "state" = ? WHERE "users"."id" = ?[0m  [["state", "choosing_meal"], ["id", 1]]
D, [2016-03-25T09:51:05.741686 #18390] DEBUG -- :   [1m[35m (1.0ms)[0m  commit transaction
D, [2016-03-25T09:51:13.342933 #18390] DEBUG -- :   [1m[36mUser Load (0.2ms)[0m  [1mSELECT  "users".* FROM "users" WHERE "users"."uid" = ? LIMIT 1[0m  [["uid", 144293747]]
D, [2016-03-25T09:51:13.343575 #18390] DEBUG -- :   [1m[35mUser Load (0.2ms)[0m  SELECT  "users".* FROM "users"  ORDER BY "users"."id" ASC LIMIT 1
D, [2016-03-25T09:51:13.984757 #18390] DEBUG -- :   [1m[36m (0.1ms)[0m  [1mbegin transaction[0m
D, [2016-03-25T09:51:13.986418 #18390] DEBUG -- :   [1m[35mSQL (0.5ms)[0m  UPDATE "users" SET "state" = ? WHERE "users"."id" = ?  [["state", nil], ["id", 1]]
D, [2016-03-25T09:51:13.987519 #18390] DEBUG -- :   [1m[36m (0.8ms)[0m  [1mcommit transaction[0m
D, [2016-03-25T09:52:43.855812 #18414] DEBUG -- :   [1m[36mUser Load (0.2ms)[0m  [1mSELECT  "users".* FROM "users" WHERE "users"."uid" = ? LIMIT 1[0m  [["uid", 144293747]]
D, [2016-03-25T09:52:43.861374 #18414] DEBUG -- :   [1m[35mUser Load (0.1ms)[0m  SELECT  "users".* FROM "users"  ORDER BY "users"."id" ASC LIMIT 1
D, [2016-03-25T09:52:44.516805 #18414] DEBUG -- :   [1m[36m (0.2ms)[0m  [1mbegin transaction[0m
D, [2016-03-25T09:52:44.523096 #18414] DEBUG -- :   [1m[35mSQL (0.6ms)[0m  UPDATE "users" SET "state" = ? WHERE "users"."id" = ?  [["state", "choosing_meal"], ["id", 1]]
D, [2016-03-25T09:52:44.524550 #18414] DEBUG -- :   [1m[36m (1.0ms)[0m  [1mcommit transaction[0m
D, [2016-03-25T09:52:56.436784 #18414] DEBUG -- :   [1m[35mUser Load (0.1ms)[0m  SELECT  "users".* FROM "users" WHERE "users"."uid" = ? LIMIT 1  [["uid", 144293747]]
D, [2016-03-25T09:52:56.437299 #18414] DEBUG -- :   [1m[36mUser Load (0.1ms)[0m  [1mSELECT  "users".* FROM "users"  ORDER BY "users"."id" ASC LIMIT 1[0m
D, [2016-03-25T09:52:56.643340 #18414] DEBUG -- :   [1m[35m (0.1ms)[0m  begin transaction
D, [2016-03-25T09:52:56.644784 #18414] DEBUG -- :   [1m[36mSQL (0.4ms)[0m  [1mUPDATE "users" SET "state" = ? WHERE "users"."id" = ?[0m  [["state", nil], ["id", 1]]
D, [2016-03-25T09:52:56.645775 #18414] DEBUG -- :   [1m[35m (0.6ms)[0m  commit transaction
D, [2016-03-25T09:52:59.244963 #18414] DEBUG -- :   [1m[36mUser Load (0.1ms)[0m  [1mSELECT  "users".* FROM "users" WHERE "users"."uid" = ? LIMIT 1[0m  [["uid", 144293747]]
D, [2016-03-25T09:52:59.245426 #18414] DEBUG -- :   [1m[35mUser Load (0.1ms)[0m  SELECT  "users".* FROM "users"  ORDER BY "users"."id" ASC LIMIT 1
D, [2016-03-25T09:52:59.580138 #18414] DEBUG -- :   [1m[36m (0.2ms)[0m  [1mbegin transaction[0m
D, [2016-03-25T09:52:59.582545 #18414] DEBUG -- :   [1m[35mSQL (0.6ms)[0m  UPDATE "users" SET "state" = ? WHERE "users"."id" = ?  [["state", "choosing_meal"], ["id", 1]]
D, [2016-03-25T09:52:59.584168 #18414] DEBUG -- :   [1m[36m (1.0ms)[0m  [1mcommit transaction[0m
D, [2016-03-25T09:54:45.030441 #18414] DEBUG -- :   [1m[35mUser Load (0.1ms)[0m  SELECT  "users".* FROM "users" WHERE "users"."uid" = ? LIMIT 1  [["uid", 144293747]]
D, [2016-03-25T09:54:45.030913 #18414] DEBUG -- :   [1m[36mUser Load (0.1ms)[0m  [1mSELECT  "users".* FROM "users"  ORDER BY "users"."id" ASC LIMIT 1[0m
D, [2016-03-25T09:54:45.149183 #18414] DEBUG -- :   [1m[35m (0.1ms)[0m  begin transaction
D, [2016-03-25T09:54:45.150493 #18414] DEBUG -- :   [1m[36mSQL (0.4ms)[0m  [1mUPDATE "users" SET "state" = ? WHERE "users"."id" = ?[0m  [["state", nil], ["id", 1]]
D, [2016-03-25T09:54:45.151372 #18414] DEBUG -- :   [1m[35m (0.6ms)[0m  commit transaction
D, [2016-03-25T09:54:51.756317 #18414] DEBUG -- :   [1m[36mUser Load (0.1ms)[0m  [1mSELECT  "users".* FROM "users" WHERE "users"."uid" = ? LIMIT 1[0m  [["uid", 144293747]]
D, [2016-03-25T09:54:51.756892 #18414] DEBUG -- :   [1m[35mUser Load (0.2ms)[0m  SELECT  "users".* FROM "users"  ORDER BY "users"."id" ASC LIMIT 1
D, [2016-03-25T09:54:52.246624 #18414] DEBUG -- :   [1m[36m (0.1ms)[0m  [1mbegin transaction[0m
D, [2016-03-25T09:54:52.248370 #18414] DEBUG -- :   [1m[35mSQL (0.4ms)[0m  UPDATE "users" SET "state" = ? WHERE "users"."id" = ?  [["state", "choosing_meal"], ["id", 1]]
D, [2016-03-25T09:54:52.250127 #18414] DEBUG -- :   [1m[36m (1.1ms)[0m  [1mcommit transaction[0m
D, [2016-03-25T10:02:22.627515 #18499] DEBUG -- :   [1m[36mUser Load (0.2ms)[0m  [1mSELECT  "users".* FROM "users" WHERE "users"."uid" = ? LIMIT 1[0m  [["uid", 144293747]]
D, [2016-03-25T10:02:22.632920 #18499] DEBUG -- :   [1m[35mUser Load (0.1ms)[0m  SELECT  "users".* FROM "users"  ORDER BY "users"."id" ASC LIMIT 1
D, [2016-03-25T10:02:22.734876 #18499] DEBUG -- :   [1m[36m (0.1ms)[0m  [1mbegin transaction[0m
D, [2016-03-25T10:02:22.740000 #18499] DEBUG -- :   [1m[35mSQL (0.5ms)[0m  UPDATE "users" SET "state" = ? WHERE "users"."id" = ?  [["state", nil], ["id", 1]]
D, [2016-03-25T10:02:22.740964 #18499] DEBUG -- :   [1m[36m (0.5ms)[0m  [1mcommit transaction[0m
D, [2016-03-25T10:02:25.001337 #18499] DEBUG -- :   [1m[35mUser Load (0.1ms)[0m  SELECT  "users".* FROM "users" WHERE "users"."uid" = ? LIMIT 1  [["uid", 144293747]]
D, [2016-03-25T10:02:25.001943 #18499] DEBUG -- :   [1m[36mUser Load (0.1ms)[0m  [1mSELECT  "users".* FROM "users"  ORDER BY "users"."id" ASC LIMIT 1[0m
D, [2016-03-25T10:02:25.297019 #18499] DEBUG -- :   [1m[35m (0.2ms)[0m  begin transaction
D, [2016-03-25T10:02:25.299222 #18499] DEBUG -- :   [1m[36mSQL (0.7ms)[0m  [1mUPDATE "users" SET "state" = ? WHERE "users"."id" = ?[0m  [["state", "choosing_meal"], ["id", 1]]
D, [2016-03-25T10:02:25.300998 #18499] DEBUG -- :   [1m[35m (1.3ms)[0m  commit transaction
D, [2016-03-25T10:02:49.977986 #18499] DEBUG -- :   [1m[36mUser Load (0.2ms)[0m  [1mSELECT  "users".* FROM "users" WHERE "users"."uid" = ? LIMIT 1[0m  [["uid", 26837003]]
D, [2016-03-25T10:02:49.978814 #18499] DEBUG -- :   [1m[35mUser Load (0.2ms)[0m  SELECT  "users".* FROM "users"  ORDER BY "users"."id" ASC LIMIT 1
D, [2016-03-25T10:02:50.283843 #18499] DEBUG -- :   [1m[36m (0.2ms)[0m  [1mbegin transaction[0m
D, [2016-03-25T10:02:50.285892 #18499] DEBUG -- :   [1m[35mSQL (0.5ms)[0m  UPDATE "users" SET "state" = ? WHERE "users"."id" = ?  [["state", "choosing_meal"], ["id", 2]]
D, [2016-03-25T10:02:50.287011 #18499] DEBUG -- :   [1m[36m (0.8ms)[0m  [1mcommit transaction[0m
D, [2016-03-25T10:06:05.536745 #18573] DEBUG -- :   [1m[36mUser Load (0.3ms)[0m  [1mSELECT  "users".* FROM "users" WHERE "users"."uid" = ? LIMIT 1[0m  [["uid", 144293747]]
D, [2016-03-25T10:06:05.543100 #18573] DEBUG -- :   [1m[35mUser Load (0.2ms)[0m  SELECT  "users".* FROM "users"  ORDER BY "users"."id" ASC LIMIT 1
D, [2016-03-25T10:06:05.636645 #18573] DEBUG -- :   [1m[36m (0.3ms)[0m  [1mbegin transaction[0m
D, [2016-03-25T10:06:05.643357 #18573] DEBUG -- :   [1m[35mSQL (0.5ms)[0m  UPDATE "users" SET "state" = ? WHERE "users"."id" = ?  [["state", nil], ["id", 1]]
D, [2016-03-25T10:06:05.644773 #18573] DEBUG -- :   [1m[36m (1.0ms)[0m  [1mcommit transaction[0m
D, [2016-03-25T10:06:08.634197 #18573] DEBUG -- :   [1m[35mUser Load (0.1ms)[0m  SELECT  "users".* FROM "users" WHERE "users"."uid" = ? LIMIT 1  [["uid", 144293747]]
D, [2016-03-25T10:06:08.634695 #18573] DEBUG -- :   [1m[36mUser Load (0.1ms)[0m  [1mSELECT  "users".* FROM "users"  ORDER BY "users"."id" ASC LIMIT 1[0m
D, [2016-03-25T10:06:08.634926 #18573] DEBUG -- :   [1m[35m (0.0ms)[0m  begin transaction
D, [2016-03-25T10:06:08.635783 #18573] DEBUG -- :   [1m[36mSQL (0.3ms)[0m  [1mUPDATE "users" SET "state" = ? WHERE "users"."id" = ?[0m  [["state", "choosing_meal"], ["id", 1]]
D, [2016-03-25T10:06:08.636483 #18573] DEBUG -- :   [1m[35m (0.5ms)[0m  commit transaction
D, [2016-03-25T10:06:08.978669 #18573] DEBUG -- :   [1m[36m (0.1ms)[0m  [1mbegin transaction[0m
D, [2016-03-25T10:06:08.979637 #18573] DEBUG -- :   [1m[35mSQL (0.3ms)[0m  UPDATE "users" SET "state" = ? WHERE "users"."id" = ?  [["state", nil], ["id", 1]]
D, [2016-03-25T10:06:08.980361 #18573] DEBUG -- :   [1m[36m (0.6ms)[0m  [1mcommit transaction[0m
D, [2016-03-25T10:06:11.168635 #18573] DEBUG -- :   [1m[35mUser Load (0.2ms)[0m  SELECT  "users".* FROM "users" WHERE "users"."uid" = ? LIMIT 1  [["uid", 144293747]]
D, [2016-03-25T10:06:11.169588 #18573] DEBUG -- :   [1m[36mUser Load (0.2ms)[0m  [1mSELECT  "users".* FROM "users"  ORDER BY "users"."id" ASC LIMIT 1[0m
D, [2016-03-25T10:06:11.169976 #18573] DEBUG -- :   [1m[35m (0.1ms)[0m  begin transaction
D, [2016-03-25T10:06:11.171119 #18573] DEBUG -- :   [1m[36mSQL (0.4ms)[0m  [1mUPDATE "users" SET "state" = ? WHERE "users"."id" = ?[0m  [["state", "choosing_meal"], ["id", 1]]
D, [2016-03-25T10:06:11.172069 #18573] DEBUG -- :   [1m[35m (0.7ms)[0m  commit transaction
D, [2016-03-25T10:06:11.402084 #18573] DEBUG -- :   [1m[36m (0.1ms)[0m  [1mbegin transaction[0m
D, [2016-03-25T10:06:11.403115 #18573] DEBUG -- :   [1m[35mSQL (0.3ms)[0m  UPDATE "users" SET "state" = ? WHERE "users"."id" = ?  [["state", nil], ["id", 1]]
D, [2016-03-25T10:06:11.403755 #18573] DEBUG -- :   [1m[36m (0.5ms)[0m  [1mcommit transaction[0m
D, [2016-03-25T10:06:13.780626 #18573] DEBUG -- :   [1m[35mUser Load (0.1ms)[0m  SELECT  "users".* FROM "users" WHERE "users"."uid" = ? LIMIT 1  [["uid", 144293747]]
D, [2016-03-25T10:06:13.781079 #18573] DEBUG -- :   [1m[36mUser Load (0.1ms)[0m  [1mSELECT  "users".* FROM "users"  ORDER BY "users"."id" ASC LIMIT 1[0m
D, [2016-03-25T10:06:13.781283 #18573] DEBUG -- :   [1m[35m (0.0ms)[0m  begin transaction
D, [2016-03-25T10:06:13.782162 #18573] DEBUG -- :   [1m[36mSQL (0.3ms)[0m  [1mUPDATE "users" SET "state" = ? WHERE "users"."id" = ?[0m  [["state", "choosing_meal"], ["id", 1]]
D, [2016-03-25T10:06:13.782886 #18573] DEBUG -- :   [1m[35m (0.6ms)[0m  commit transaction
D, [2016-03-25T10:06:14.015860 #18573] DEBUG -- :   [1m[36m (0.1ms)[0m  [1mbegin transaction[0m
D, [2016-03-25T10:06:14.017003 #18573] DEBUG -- :   [1m[35mSQL (0.3ms)[0m  UPDATE "users" SET "state" = ? WHERE "users"."id" = ?  [["state", nil], ["id", 1]]
D, [2016-03-25T10:06:14.017595 #18573] DEBUG -- :   [1m[36m (0.4ms)[0m  [1mcommit transaction[0m
D, [2016-03-25T10:06:23.332571 #18573] DEBUG -- :   [1m[35mUser Load (0.1ms)[0m  SELECT  "users".* FROM "users" WHERE "users"."uid" = ? LIMIT 1  [["uid", 144293747]]
D, [2016-03-25T10:06:23.333061 #18573] DEBUG -- :   [1m[36mUser Load (0.1ms)[0m  [1mSELECT  "users".* FROM "users"  ORDER BY "users"."id" ASC LIMIT 1[0m
D, [2016-03-25T10:06:23.333249 #18573] DEBUG -- :   [1m[35m (0.0ms)[0m  begin transaction
D, [2016-03-25T10:06:23.334169 #18573] DEBUG -- :   [1m[36mSQL (0.3ms)[0m  [1mUPDATE "users" SET "state" = ? WHERE "users"."id" = ?[0m  [["state", "choosing_meal"], ["id", 1]]
D, [2016-03-25T10:06:23.334939 #18573] DEBUG -- :   [1m[35m (0.6ms)[0m  commit transaction
D, [2016-03-25T10:06:23.565674 #18573] DEBUG -- :   [1m[36m (0.1ms)[0m  [1mbegin transaction[0m
D, [2016-03-25T10:06:23.566810 #18573] DEBUG -- :   [1m[35mSQL (0.3ms)[0m  UPDATE "users" SET "state" = ? WHERE "users"."id" = ?  [["state", nil], ["id", 1]]
D, [2016-03-25T10:06:23.567492 #18573] DEBUG -- :   [1m[36m (0.5ms)[0m  [1mcommit transaction[0m
D, [2016-03-25T10:58:39.652638 #18573] DEBUG -- :   [1m[35mUser Load (0.5ms)[0m  SELECT  "users".* FROM "users" WHERE "users"."uid" = ? LIMIT 1  [["uid", 144293747]]
D, [2016-03-25T10:58:39.653397 #18573] DEBUG -- :   [1m[36mUser Load (0.1ms)[0m  [1mSELECT  "users".* FROM "users"  ORDER BY "users"."id" ASC LIMIT 1[0m
D, [2016-03-25T10:58:39.653614 #18573] DEBUG -- :   [1m[35m (0.1ms)[0m  begin transaction
D, [2016-03-25T10:58:39.654820 #18573] DEBUG -- :   [1m[36mSQL (0.6ms)[0m  [1mUPDATE "users" SET "state" = ? WHERE "users"."id" = ?[0m  [["state", "choosing_meal"], ["id", 1]]
D, [2016-03-25T10:58:39.655546 #18573] DEBUG -- :   [1m[35m (0.5ms)[0m  commit transaction
D, [2016-03-25T10:58:40.423701 #18573] DEBUG -- :   [1m[36m (0.1ms)[0m  [1mbegin transaction[0m
D, [2016-03-25T10:58:40.424802 #18573] DEBUG -- :   [1m[35mSQL (0.4ms)[0m  UPDATE "users" SET "state" = ? WHERE "users"."id" = ?  [["state", nil], ["id", 1]]
D, [2016-03-25T10:58:40.425492 #18573] DEBUG -- :   [1m[36m (0.5ms)[0m  [1mcommit transaction[0m
D, [2016-03-25T11:51:04.240461 #19908] DEBUG -- :   [1m[36mUser Load (0.2ms)[0m  [1mSELECT  "users".* FROM "users" WHERE "users"."uid" = ? LIMIT 1[0m  [["uid", 26837003]]
D, [2016-03-25T11:51:04.246461 #19908] DEBUG -- :   [1m[35mUser Load (0.1ms)[0m  SELECT  "users".* FROM "users"  ORDER BY "users"."id" ASC LIMIT 1
D, [2016-03-25T11:51:04.357140 #19908] DEBUG -- :   [1m[36m (0.2ms)[0m  [1mbegin transaction[0m
D, [2016-03-25T11:51:04.365092 #19908] DEBUG -- :   [1m[35mSQL (1.1ms)[0m  UPDATE "users" SET "state" = ? WHERE "users"."id" = ?  [["state", nil], ["id", 2]]
D, [2016-03-25T11:51:04.366863 #19908] DEBUG -- :   [1m[36m (1.2ms)[0m  [1mcommit transaction[0m
D, [2016-03-25T11:51:30.285490 #19938] DEBUG -- :   [1m[36mUser Load (0.2ms)[0m  [1mSELECT  "users".* FROM "users" WHERE "users"."uid" = ? LIMIT 1[0m  [["uid", 26837003]]
D, [2016-03-25T11:51:30.290880 #19938] DEBUG -- :   [1m[35mUser Load (0.1ms)[0m  SELECT  "users".* FROM "users"  ORDER BY "users"."id" ASC LIMIT 1
D, [2016-03-25T11:51:30.291131 #19938] DEBUG -- :   [1m[36m (0.1ms)[0m  [1mbegin transaction[0m
D, [2016-03-25T11:51:30.293965 #19938] DEBUG -- :   [1m[35mSQL (0.4ms)[0m  UPDATE "users" SET "state" = ? WHERE "users"."id" = ?  [["state", "choosing_meal"], ["id", 2]]
D, [2016-03-25T11:51:30.300881 #19938] DEBUG -- :   [1m[36m (6.7ms)[0m  [1mcommit transaction[0m
D, [2016-03-25T11:51:31.249367 #19938] DEBUG -- :   [1m[35m (0.1ms)[0m  begin transaction
D, [2016-03-25T11:51:31.250503 #19938] DEBUG -- :   [1m[36mSQL (0.4ms)[0m  [1mUPDATE "users" SET "state" = ? WHERE "users"."id" = ?[0m  [["state", nil], ["id", 2]]
D, [2016-03-25T11:51:31.251247 #19938] DEBUG -- :   [1m[35m (0.6ms)[0m  commit transaction
D, [2016-03-25T12:14:59.337916 #42087] DEBUG -- :   [1m[36mUser Load (0.2ms)[0m  [1mSELECT  "users".* FROM "users" WHERE "users"."uid" = ? LIMIT 1[0m  [["uid", 144293747]]
D, [2016-03-25T12:14:59.345096 #42087] DEBUG -- :   [1m[35mUser Load (0.2ms)[0m  SELECT  "users".* FROM "users"  ORDER BY "users"."id" ASC LIMIT 1
D, [2016-03-25T12:14:59.345526 #42087] DEBUG -- :   [1m[36m (0.1ms)[0m  [1mbegin transaction[0m
D, [2016-03-25T12:14:59.349411 #42087] DEBUG -- :   [1m[35mSQL (0.4ms)[0m  UPDATE "users" SET "state" = ? WHERE "users"."id" = ?  [["state", "choosing_meal"], ["id", 1]]
D, [2016-03-25T12:14:59.350355 #42087] DEBUG -- :   [1m[36m (0.7ms)[0m  [1mcommit transaction[0m
D, [2016-03-25T12:14:59.743629 #42087] DEBUG -- :   [1m[35m (0.1ms)[0m  begin transaction
D, [2016-03-25T12:14:59.744767 #42087] DEBUG -- :   [1m[36mSQL (0.4ms)[0m  [1mUPDATE "users" SET "state" = ? WHERE "users"."id" = ?[0m  [["state", nil], ["id", 1]]
D, [2016-03-25T12:14:59.745367 #42087] DEBUG -- :   [1m[35m (0.4ms)[0m  commit transaction
D, [2016-03-25T12:14:59.794879 #42087] DEBUG -- :   [1m[36mUser Load (0.2ms)[0m  [1mSELECT  "users".* FROM "users" WHERE "users"."uid" = ? LIMIT 1[0m  [["uid", 144293747]]
D, [2016-03-25T12:14:59.795760 #42087] DEBUG -- :   [1m[35mUser Load (0.2ms)[0m  SELECT  "users".* FROM "users"  ORDER BY "users"."id" ASC LIMIT 1
D, [2016-03-25T12:14:59.796148 #42087] DEBUG -- :   [1m[36m (0.1ms)[0m  [1mbegin transaction[0m
D, [2016-03-25T12:14:59.797796 #42087] DEBUG -- :   [1m[35mSQL (0.5ms)[0m  UPDATE "users" SET "state" = ? WHERE "users"."id" = ?  [["state", "choosing_meal"], ["id", 1]]
D, [2016-03-25T12:14:59.799192 #42087] DEBUG -- :   [1m[36m (1.0ms)[0m  [1mcommit transaction[0m
D, [2016-03-25T12:15:00.071845 #42087] DEBUG -- :   [1m[35m (0.1ms)[0m  begin transaction
D, [2016-03-25T12:15:00.073078 #42087] DEBUG -- :   [1m[36mSQL (0.4ms)[0m  [1mUPDATE "users" SET "state" = ? WHERE "users"."id" = ?[0m  [["state", nil], ["id", 1]]
D, [2016-03-25T12:15:00.073725 #42087] DEBUG -- :   [1m[35m (0.5ms)[0m  commit transaction
D, [2016-03-25T12:15:00.147040 #42087] DEBUG -- :   [1m[36mUser Load (0.2ms)[0m  [1mSELECT  "users".* FROM "users" WHERE "users"."uid" = ? LIMIT 1[0m  [["uid", 26837003]]
D, [2016-03-25T12:15:00.148478 #42087] DEBUG -- :   [1m[35mUser Load (0.3ms)[0m  SELECT  "users".* FROM "users"  ORDER BY "users"."id" ASC LIMIT 1
D, [2016-03-25T12:15:00.149029 #42087] DEBUG -- :   [1m[36m (0.1ms)[0m  [1mbegin transaction[0m
D, [2016-03-25T12:15:00.151148 #42087] DEBUG -- :   [1m[35mSQL (0.5ms)[0m  UPDATE "users" SET "state" = ? WHERE "users"."id" = ?  [["state", "choosing_meal"], ["id", 2]]
D, [2016-03-25T12:15:00.152921 #42087] DEBUG -- :   [1m[36m (1.2ms)[0m  [1mcommit transaction[0m
D, [2016-03-25T12:15:00.402859 #42087] DEBUG -- :   [1m[35m (0.1ms)[0m  begin transaction
D, [2016-03-25T12:15:00.403936 #42087] DEBUG -- :   [1m[36mSQL (0.3ms)[0m  [1mUPDATE "users" SET "state" = ? WHERE "users"."id" = ?[0m  [["state", nil], ["id", 2]]
D, [2016-03-25T12:15:00.404835 #42087] DEBUG -- :   [1m[35m (0.7ms)[0m  commit transaction
D, [2016-03-25T12:15:07.147701 #42087] DEBUG -- :   [1m[36mUser Load (0.5ms)[0m  [1mSELECT  "users".* FROM "users" WHERE "users"."uid" = ? LIMIT 1[0m  [["uid", 144293747]]
D, [2016-03-25T12:15:07.149382 #42087] DEBUG -- :   [1m[35mUser Load (0.3ms)[0m  SELECT  "users".* FROM "users"  ORDER BY "users"."id" ASC LIMIT 1
D, [2016-03-25T12:15:07.150054 #42087] DEBUG -- :   [1m[36m (0.1ms)[0m  [1mbegin transaction[0m
D, [2016-03-25T12:15:07.151366 #42087] DEBUG -- :   [1m[35mSQL (0.3ms)[0m  UPDATE "users" SET "state" = ? WHERE "users"."id" = ?  [["state", "choosing_meal"], ["id", 1]]
D, [2016-03-25T12:15:07.152132 #42087] DEBUG -- :   [1m[36m (0.6ms)[0m  [1mcommit transaction[0m
D, [2016-03-25T12:15:07.429712 #42087] DEBUG -- :   [1m[35m (0.1ms)[0m  begin transaction
D, [2016-03-25T12:15:07.431036 #42087] DEBUG -- :   [1m[36mSQL (0.4ms)[0m  [1mUPDATE "users" SET "state" = ? WHERE "users"."id" = ?[0m  [["state", nil], ["id", 1]]
D, [2016-03-25T12:15:07.431787 #42087] DEBUG -- :   [1m[35m (0.6ms)[0m  commit transaction
D, [2016-03-25T12:16:13.459310 #42153] DEBUG -- :   [1m[36mUser Load (0.2ms)[0m  [1mSELECT  "users".* FROM "users" WHERE "users"."uid" = ? LIMIT 1[0m  [["uid", 144293747]]
D, [2016-03-25T12:16:13.465355 #42153] DEBUG -- :   [1m[35mUser Load (0.2ms)[0m  SELECT  "users".* FROM "users"  ORDER BY "users"."id" ASC LIMIT 1
D, [2016-03-25T12:16:13.465670 #42153] DEBUG -- :   [1m[36m (0.1ms)[0m  [1mbegin transaction[0m
D, [2016-03-25T12:16:13.468894 #42153] DEBUG -- :   [1m[35mSQL (0.4ms)[0m  UPDATE "users" SET "state" = ? WHERE "users"."id" = ?  [["state", "choosing_meal"], ["id", 1]]
D, [2016-03-25T12:16:13.469625 #42153] DEBUG -- :   [1m[36m (0.5ms)[0m  [1mcommit transaction[0m
D, [2016-03-25T12:16:13.756875 #42153] DEBUG -- :   [1m[35m (0.1ms)[0m  begin transaction
D, [2016-03-25T12:16:13.757918 #42153] DEBUG -- :   [1m[36mSQL (0.3ms)[0m  [1mUPDATE "users" SET "state" = ? WHERE "users"."id" = ?[0m  [["state", nil], ["id", 1]]
D, [2016-03-25T12:16:13.758634 #42153] DEBUG -- :   [1m[35m (0.6ms)[0m  commit transaction
D, [2016-03-25T13:14:28.362626 #42627] DEBUG -- :   [1m[36mUser Load (0.5ms)[0m  [1mSELECT  "users".* FROM "users" WHERE "users"."uid" = ? LIMIT 1[0m  [["uid", 144293747]]
D, [2016-03-25T13:14:28.370539 #42627] DEBUG -- :   [1m[35mUser Load (0.2ms)[0m  SELECT  "users".* FROM "users"  ORDER BY "users"."id" ASC LIMIT 1
D, [2016-03-25T13:14:28.370988 #42627] DEBUG -- :   [1m[36m (0.1ms)[0m  [1mbegin transaction[0m
D, [2016-03-25T13:14:28.374790 #42627] DEBUG -- :   [1m[35mSQL (0.5ms)[0m  UPDATE "users" SET "state" = ? WHERE "users"."id" = ?  [["state", "choosing_meal"], ["id", 1]]
D, [2016-03-25T13:14:28.375762 #42627] DEBUG -- :   [1m[36m (0.7ms)[0m  [1mcommit transaction[0m
D, [2016-03-25T13:14:29.143566 #42627] DEBUG -- :   [1m[35m (0.1ms)[0m  begin transaction
D, [2016-03-25T13:14:29.144681 #42627] DEBUG -- :   [1m[36mSQL (0.4ms)[0m  [1mUPDATE "users" SET "state" = ? WHERE "users"."id" = ?[0m  [["state", nil], ["id", 1]]
D, [2016-03-25T13:14:29.145314 #42627] DEBUG -- :   [1m[35m (0.4ms)[0m  commit transaction
